#
# There is insufficient memory for the Java Runtime Environment to continue.
# Native memory allocation (mmap) failed to map 54525952 bytes for committing reserved memory.
# Possible reasons:
#   The system is out of physical RAM or swap space
#   In 32 bit mode, the process size limit was hit
# Possible solutions:
#   Reduce memory load on the system
#   Increase physical memory or swap space
#   Check if swap backing store is full
#   Use 64 bit Java on a 64 bit OS
#   Decrease Java heap size (-Xmx/-Xms)
#   Decrease number of Java threads
#   Decrease Java thread stack sizes (-Xss)
#   Set larger code cache with -XX:ReservedCodeCacheSize=
# This output file may be truncated or incomplete.
#
#  Out of Memory Error (os_linux.cpp:2627), pid=4247, tid=0x00007fce547f7700
#
# JRE version: OpenJDK Runtime Environment (8.0_76-b03) (build 1.8.0_76-release-b03)
# Java VM: OpenJDK 64-Bit Server VM (25.76-b03 mixed mode linux-amd64 compressed oops)
# Failed to write core dump. Core dumps have been disabled. To enable core dumping, try "ulimit -c unlimited" before starting Java again
#

---------------  T H R E A D  ---------------

Current thread (0x00007fce64077800):  VMThread [stack: 0x00007fce546f7000,0x00007fce547f8000] [id=4255]

Stack: [0x00007fce546f7000,0x00007fce547f8000],  sp=0x00007fce547f6480,  free space=1021k
Native frames: (J=compiled Java code, j=interpreted, Vv=VM code, C=native code)
V  [libjvm.so+0x9d9fcd]  VMError::report_and_die()+0x15d
V  [libjvm.so+0x4b4d4a]  report_vm_out_of_memory(char const*, int, unsigned long, VMErrorType, char const*)+0x8a
V  [libjvm.so+0x845190]  os::pd_commit_memory(char*, unsigned long, unsigned long, bool)+0xf0
V  [libjvm.so+0x83fcbf]  os::commit_memory(char*, unsigned long, unsigned long, bool)+0x1f
V  [libjvm.so+0x8b4d9b]  PSVirtualSpace::expand_by(unsigned long)+0x5b
V  [libjvm.so+0x8b5a10]  PSYoungGen::resize_generation(unsigned long, unsigned long)+0xb0
V  [libjvm.so+0x8b5d2b]  PSYoungGen::resize(unsigned long, unsigned long)+0x1b
V  [libjvm.so+0x8b241c]  PSScavenge::invoke_no_policy()+0xdac
V  [libjvm.so+0x8b2bf8]  PSScavenge::invoke()+0x38
V  [libjvm.so+0x8681f3]  ParallelScavengeHeap::failed_mem_allocate(unsigned long)+0x63
V  [libjvm.so+0x9dba94]  VM_ParallelGCFailedAllocation::doit()+0x84
V  [libjvm.so+0x9dfe47]  VM_Operation::evaluate()+0x47
V  [libjvm.so+0x9de908]  VMThread::evaluate_operation(VM_Operation*)+0x2c8
V  [libjvm.so+0x9ded89]  VMThread::loop()+0x219
V  [libjvm.so+0x9df1d2]  VMThread::run()+0x72
V  [libjvm.so+0x8425b2]  java_start(Thread*)+0xf2

VM_Operation (0x00007fcdd2401dd0): ParallelGCFailedAllocation, mode: safepoint, requested by thread 0x00007fce18010000


---------------  P R O C E S S  ---------------

Java Threads: ( => current thread )
  0x00007fce1801b800 JavaThread "pool-21-thread-4" [_thread_blocked, id=4371, stack(0x00007fcdd1cfd000,0x00007fcdd1dfe000)]
  0x00007fce1800e000 JavaThread "pool-21-thread-3" [_thread_blocked, id=4370, stack(0x00007fcdd2ff2000,0x00007fcdd30f3000)]
  0x00007fce18012000 JavaThread "pool-21-thread-2" [_thread_blocked, id=4369, stack(0x00007fcdd1afb000,0x00007fcdd1bfc000)]
  0x00007fce1800c800 JavaThread "pool-22-thread-1" [_thread_blocked, id=4368, stack(0x00007fcdd1bfc000,0x00007fcdd1cfd000)]
  0x00007fce18010000 JavaThread "pool-21-thread-1" [_thread_blocked, id=4367, stack(0x00007fcdd2303000,0x00007fcdd2404000)]
  0x00007fcddc002800 JavaThread "pool-7-thread-4" [_thread_blocked, id=4344, stack(0x00007fcdd30f3000,0x00007fcdd31f4000)]
  0x00007fcde4003000 JavaThread "pool-7-thread-2" [_thread_blocked, id=4343, stack(0x00007fcdd32f5000,0x00007fcdd33f6000)]
  0x00007fcdf0003800 JavaThread "pool-7-thread-3" [_thread_blocked, id=4342, stack(0x00007fcdd35f6000,0x00007fcdd36f7000)]
  0x00007fcde8009800 JavaThread "pool-7-thread-1" [_thread_blocked, id=4341, stack(0x00007fce1f0e5000,0x00007fce1f1e6000)]
  0x00007fcdd800e800 JavaThread "stdout" daemon [_thread_in_native, id=4307, stack(0x00007fcdd36f7000,0x00007fcdd37f8000)]
  0x00007fcdd800d000 JavaThread "stderr" daemon [_thread_in_native, id=4306, stack(0x00007fcdd37f8000,0x00007fcdd38f9000)]
  0x00007fcdd800b000 JavaThread "stdout" daemon [_thread_in_native, id=4305, stack(0x00007fcdd38f9000,0x00007fcdd39fa000)]
  0x00007fcdd8009800 JavaThread "stderr" daemon [_thread_in_native, id=4304, stack(0x00007fcdd39fa000,0x00007fcdd3afb000)]
  0x00007fcde0009000 JavaThread "stdout" daemon [_thread_in_native, id=4303, stack(0x00007fcdd3afb000,0x00007fcdd3bfc000)]
  0x00007fcde0007800 JavaThread "stderr" daemon [_thread_in_native, id=4302, stack(0x00007fcdd3bfc000,0x00007fcdd3cfd000)]
  0x0000000001cc2000 JavaThread "stdout" daemon [_thread_in_native, id=4301, stack(0x00007fcdd3cfd000,0x00007fcdd3dfe000)]
  0x0000000001cc0000 JavaThread "stderr" daemon [_thread_in_native, id=4300, stack(0x00007fcdd3dfe000,0x00007fcdd3eff000)]
  0x00007fcdd4004800 JavaThread "stdout" daemon [_thread_in_native, id=4299, stack(0x00007fcdd3eff000,0x00007fcdd4000000)]
  0x00007fcdd4003000 JavaThread "stderr" daemon [_thread_in_native, id=4298, stack(0x00007fce1c098000,0x00007fce1c199000)]
  0x00007fcdd4001800 JavaThread "process reaper" daemon [_thread_in_native, id=4297, stack(0x00007fce1c199000,0x00007fce1c1d2000)]
  0x00007fcdd8003000 JavaThread "process reaper" daemon [_thread_in_native, id=4295, stack(0x00007fce1c1d2000,0x00007fce1c20b000)]
  0x00007fcdd8001800 JavaThread "process reaper" daemon [_thread_in_native, id=4293, stack(0x00007fce1c20b000,0x00007fce1c244000)]
  0x0000000001cbe800 JavaThread "process reaper" daemon [_thread_in_native, id=4292, stack(0x00007fce1c244000,0x00007fce1c27d000)]
  0x00007fcdfcd98000 JavaThread "png-cruncher_5" daemon [_thread_blocked, id=4288, stack(0x00007fce1c27d000,0x00007fce1c37e000)]
  0x00007fcdfcd96800 JavaThread "png-cruncher_4" daemon [_thread_blocked, id=4287, stack(0x00007fce1c37e000,0x00007fce1c47f000)]
  0x00007fcdfcd94800 JavaThread "png-cruncher_3" daemon [_thread_blocked, id=4286, stack(0x00007fce1c47f000,0x00007fce1c580000)]
  0x00007fcdfcd92800 JavaThread "png-cruncher_2" daemon [_thread_blocked, id=4285, stack(0x00007fce1c580000,0x00007fce1c681000)]
  0x00007fcdfcd91000 JavaThread "png-cruncher_1" daemon [_thread_blocked, id=4284, stack(0x00007fce1c681000,0x00007fce1c782000)]
  0x00007fcdfc503800 JavaThread "pool-4-thread-4" [_thread_blocked, id=4283, stack(0x00007fce1c782000,0x00007fce1c883000)]
  0x00007fcdfc506000 JavaThread "pool-4-thread-3" [_thread_blocked, id=4282, stack(0x00007fce1c883000,0x00007fce1c984000)]
  0x00007fcdfc501000 JavaThread "pool-4-thread-2" [_thread_blocked, id=4281, stack(0x00007fce1c984000,0x00007fce1ca85000)]
  0x00007fcdfc4ff800 JavaThread "pool-4-thread-1" [_thread_blocked, id=4280, stack(0x00007fce1ca85000,0x00007fce1cb86000)]
  0x00007fcdfc5a4000 JavaThread "File lock request listener" [_thread_in_native, id=4276, stack(0x00007fce1e332000,0x00007fce1e433000)]
  0x00007fcdfca39000 JavaThread "process reaper" daemon [_thread_in_native, id=4275, stack(0x00007fce1e633000,0x00007fce1e66c000)]
  0x00007fcdfc011000 JavaThread "Asynchronous log dispatcher for org.gradle.launcher.daemon.server.DefaultDaemonConnection@2252e12f" [_thread_blocked, id=4272, stack(0x00007fce1f1e6000,0x00007fce1f2e7000)]
  0x00007fce1000c000 JavaThread "Daemon worker" [_thread_blocked, id=4269, stack(0x00007fce1f2e7000,0x00007fce1f3e8000)]
  0x00007fce10011800 JavaThread "Cancel handler" [_thread_blocked, id=4268, stack(0x00007fce1f3e8000,0x00007fce1f4e9000)]
  0x00007fce10006800 JavaThread "Handler for socket connection from /127.0.0.1:33811 to /127.0.0.1:53021" [_thread_in_native, id=4267, stack(0x00007fce1f4e9000,0x00007fce1f5ea000)]
  0x00007fce1400f000 JavaThread "Daemon" [_thread_blocked, id=4266, stack(0x00007fce1f5ea000,0x00007fce1f6eb000)]
  0x00007fce64b5b800 JavaThread "pool-1-thread-1" [_thread_blocked, id=4265, stack(0x00007fce1f6eb000,0x00007fce1f7ec000)]
  0x00007fce64b35000 JavaThread "Incoming local TCP Connector on port 33811" [_thread_in_native, id=4264, stack(0x00007fce1f9f3000,0x00007fce1faf4000)]
  0x00007fce640c0800 JavaThread "Service Thread" daemon [_thread_blocked, id=4262, stack(0x00007fce44cfd000,0x00007fce44dfe000)]
  0x00007fce640bd800 JavaThread "C1 CompilerThread2" daemon [_thread_blocked, id=4261, stack(0x00007fce44dfe000,0x00007fce44eff000)]
  0x00007fce640bc000 JavaThread "C2 CompilerThread1" daemon [_thread_blocked, id=4260, stack(0x00007fce44eff000,0x00007fce45000000)]
  0x00007fce640b9000 JavaThread "C2 CompilerThread0" daemon [_thread_blocked, id=4259, stack(0x00007fce54029000,0x00007fce5412a000)]
  0x00007fce640b7800 JavaThread "Signal Dispatcher" daemon [_thread_blocked, id=4258, stack(0x00007fce5412a000,0x00007fce5422b000)]
  0x00007fce64083800 JavaThread "Finalizer" daemon [_thread_blocked, id=4257, stack(0x00007fce544f5000,0x00007fce545f6000)]
  0x00007fce6407f000 JavaThread "Reference Handler" daemon [_thread_blocked, id=4256, stack(0x00007fce545f6000,0x00007fce546f7000)]
  0x00007fce6400a000 JavaThread "main" [_thread_blocked, id=4250, stack(0x00007fce6cf88000,0x00007fce6d089000)]

Other Threads:
=>0x00007fce64077800 VMThread [stack: 0x00007fce546f7000,0x00007fce547f8000] [id=4255]
  0x00007fce640c3000 WatcherThread [stack: 0x00007fce44bfc000,0x00007fce44cfd000] [id=4263]

VM state:at safepoint (normal execution)

VM Mutex/Monitor currently owned by a thread:  ([mutex/lock_event])
[0x00007fce64006510] Threads_lock - owner thread: 0x00007fce64077800
[0x00007fce64006a10] Heap_lock - owner thread: 0x00007fce18010000

Heap:
 PSYoungGen      total 323072K, used 17903K [0x00000000e0000000, 0x00000000f7d80000, 0x0000000100000000)
  eden space 305152K, 0% used [0x00000000e0000000,0x00000000e0000000,0x00000000f2a00000)
  from space 17920K, 99% used [0x00000000f2a00000,0x00000000f3b7bd20,0x00000000f3b80000)
  to   space 18432K, 0% used [0x00000000f3b80000,0x00000000f3b80000,0x00000000f4d80000)
 ParOldGen       total 83456K, used 56823K [0x00000000a0000000, 0x00000000a5180000, 0x00000000e0000000)
  object space 83456K, 68% used [0x00000000a0000000,0x00000000a377dd00,0x00000000a5180000)
 Metaspace       used 62412K, capacity 64040K, committed 64256K, reserved 1105920K
  class space    used 7997K, capacity 8374K, committed 8448K, reserved 1048576K

Card table byte_map: [0x00007fce69b38000,0x00007fce69e39000] byte_map_base: 0x00007fce69638000

Marking Bits: (ParMarkBitMap*) 0x00007fce6c4621a0
 Begin Bits: [0x00007fce45000000, 0x00007fce46800000)
 End Bits:   [0x00007fce46800000, 0x00007fce48000000)

Polling page: 0x00007fce6d0ac000

CodeCache: size=245760Kb used=32801Kb max_used=32801Kb free=212958Kb
 bounds [0x00007fce55000000, 0x00007fce57060000, 0x00007fce64000000]
 total_blobs=10597 nmethods=9859 adapters=651
 compilation: enabled

Compilation events (10 events):
Event: 130.174 Thread 0x00007fce640bd800 nmethod 12329% 0x00007fce55669b50 code [0x00007fce55669d00, 0x00007fce5566a3f8]
Event: 130.174 Thread 0x00007fce640bd800 12277       3       com.android.dx.ssa.SsaMethod::getUseListCopy (56 bytes)
Event: 130.174 Thread 0x00007fce640bd800 nmethod 12277 0x00007fce567dce10 code [0x00007fce567dcfc0, 0x00007fce567dd4d8]
Event: 130.174 Thread 0x00007fce640bd800 12338 %     3       com.android.dx.ssa.SsaMethod::buildUseList @ 82 (112 bytes)
Event: 130.176 Thread 0x00007fce640bd800 nmethod 12338% 0x00007fce56c90450 code [0x00007fce56c906e0, 0x00007fce56c91a38]
Event: 130.176 Thread 0x00007fce640bd800 12342       3       com.android.dx.ssa.ConstCollector::updateConstUses (208 bytes)
Event: 130.178 Thread 0x00007fce640bd800 nmethod 12342 0x00007fce55da0cd0 code [0x00007fce55da0fc0, 0x00007fce55da29f8]
Event: 130.179 Thread 0x00007fce640bd800 12278       3       com.android.dx.ssa.DeadCodeRemover::pruneDeadInstructions (246 bytes)
Event: 130.182 Thread 0x00007fce640bd800 nmethod 12278 0x00007fce5704c850 code [0x00007fce5704cc20, 0x00007fce5704f5a8]
Event: 130.182 Thread 0x00007fce640bd800 12297       3       com.android.dx.ssa.SsaMethod::forEachBlockDepthFirst (194 bytes)

GC Heap History (10 events):
Event: 30.132 GC heap after
Heap after GC invocations=15 (full 2):
 PSYoungGen      total 204288K, used 6633K [0x00000000e0000000, 0x00000000f1200000, 0x0000000100000000)
  eden space 186880K, 0% used [0x00000000e0000000,0x00000000e0000000,0x00000000eb680000)
  from space 17408K, 38% used [0x00000000eb680000,0x00000000ebcfa558,0x00000000ec780000)
  to   space 16384K, 0% used [0x00000000f0200000,0x00000000f0200000,0x00000000f1200000)
 ParOldGen       total 48128K, used 39888K [0x00000000a0000000, 0x00000000a2f00000, 0x00000000e0000000)
  object space 48128K, 82% used [0x00000000a0000000,0x00000000a26f4290,0x00000000a2f00000)
 Metaspace       used 50348K, capacity 51622K, committed 51840K, reserved 1093632K
  class space    used 6681K, capacity 6965K, committed 7040K, reserved 1048576K
}
Event: 30.132 GC heap before
{Heap before GC invocations=16 (full 3):
 PSYoungGen      total 204288K, used 6633K [0x00000000e0000000, 0x00000000f1200000, 0x0000000100000000)
  eden space 186880K, 0% used [0x00000000e0000000,0x00000000e0000000,0x00000000eb680000)
  from space 17408K, 38% used [0x00000000eb680000,0x00000000ebcfa558,0x00000000ec780000)
  to   space 16384K, 0% used [0x00000000f0200000,0x00000000f0200000,0x00000000f1200000)
 ParOldGen       total 48128K, used 39888K [0x00000000a0000000, 0x00000000a2f00000, 0x00000000e0000000)
  object space 48128K, 82% used [0x00000000a0000000,0x00000000a26f4290,0x00000000a2f00000)
 Metaspace       used 50348K, capacity 51622K, committed 51840K, reserved 1093632K
  class space    used 6681K, capacity 6965K, committed 7040K, reserved 1048576K
Event: 30.484 GC heap after
Heap after GC invocations=16 (full 3):
 PSYoungGen      total 204288K, used 0K [0x00000000e0000000, 0x00000000f1200000, 0x0000000100000000)
  eden space 186880K, 0% used [0x00000000e0000000,0x00000000e0000000,0x00000000eb680000)
  from space 17408K, 0% used [0x00000000eb680000,0x00000000eb680000,0x00000000ec780000)
  to   space 16384K, 0% used [0x00000000f0200000,0x00000000f0200000,0x00000000f1200000)
 ParOldGen       total 83456K, used 38123K [0x00000000a0000000, 0x00000000a5180000, 0x00000000e0000000)
  object space 83456K, 45% used [0x00000000a0000000,0x00000000a253ae90,0x00000000a5180000)
 Metaspace       used 50348K, capacity 51622K, committed 51840K, reserved 1093632K
  class space    used 6681K, capacity 6965K, committed 7040K, reserved 1048576K
}
Event: 53.702 GC heap before
{Heap before GC invocations=17 (full 3):
 PSYoungGen      total 204288K, used 186880K [0x00000000e0000000, 0x00000000f1200000, 0x0000000100000000)
  eden space 186880K, 100% used [0x00000000e0000000,0x00000000eb680000,0x00000000eb680000)
  from space 17408K, 0% used [0x00000000eb680000,0x00000000eb680000,0x00000000ec780000)
  to   space 16384K, 0% used [0x00000000f0200000,0x00000000f0200000,0x00000000f1200000)
 ParOldGen       total 83456K, used 38123K [0x00000000a0000000, 0x00000000a5180000, 0x00000000e0000000)
  object space 83456K, 45% used [0x00000000a0000000,0x00000000a253ae90,0x00000000a5180000)
 Metaspace       used 55880K, capacity 57252K, committed 57472K, reserved 1099776K
  class space    used 7369K, capacity 7686K, committed 7808K, reserved 1048576K
Event: 53.754 GC heap after
Heap after GC invocations=17 (full 3):
 PSYoungGen      total 256512K, used 16374K [0x00000000e0000000, 0x00000000f1200000, 0x0000000100000000)
  eden space 240128K, 0% used [0x00000000e0000000,0x00000000e0000000,0x00000000eea80000)
  from space 16384K, 99% used [0x00000000f0200000,0x00000000f11fdb48,0x00000000f1200000)
  to   space 18944K, 0% used [0x00000000eed00000,0x00000000eed00000,0x00000000eff80000)
 ParOldGen       total 83456K, used 38416K [0x00000000a0000000, 0x00000000a5180000, 0x00000000e0000000)
  object space 83456K, 46% used [0x00000000a0000000,0x00000000a2584190,0x00000000a5180000)
 Metaspace       used 55880K, capacity 57252K, committed 57472K, reserved 1099776K
  class space    used 7369K, capacity 7686K, committed 7808K, reserved 1048576K
}
Event: 60.170 GC heap before
{Heap before GC invocations=18 (full 3):
 PSYoungGen      total 256512K, used 255891K [0x00000000e0000000, 0x00000000f1200000, 0x0000000100000000)
  eden space 240128K, 99% used [0x00000000e0000000,0x00000000ee9e72f8,0x00000000eea80000)
  from space 16384K, 99% used [0x00000000f0200000,0x00000000f11fdb48,0x00000000f1200000)
  to   space 18944K, 0% used [0x00000000eed00000,0x00000000eed00000,0x00000000eff80000)
 ParOldGen       total 83456K, used 38416K [0x00000000a0000000, 0x00000000a5180000, 0x00000000e0000000)
  object space 83456K, 46% used [0x00000000a0000000,0x00000000a2584190,0x00000000a5180000)
 Metaspace       used 57973K, capacity 59402K, committed 59648K, reserved 1101824K
  class space    used 7576K, capacity 7875K, committed 7936K, reserved 1048576K
Event: 60.236 GC heap after
Heap after GC invocations=18 (full 3):
 PSYoungGen      total 261632K, used 5418K [0x00000000e0000000, 0x00000000f4d80000, 0x0000000100000000)
  eden space 242688K, 0% used [0x00000000e0000000,0x00000000e0000000,0x00000000eed00000)
  from space 18944K, 28% used [0x00000000eed00000,0x00000000ef24abf0,0x00000000eff80000)
  to   space 18432K, 0% used [0x00000000f3b80000,0x00000000f3b80000,0x00000000f4d80000)
 ParOldGen       total 83456K, used 46219K [0x00000000a0000000, 0x00000000a5180000, 0x00000000e0000000)
  object space 83456K, 55% used [0x00000000a0000000,0x00000000a2d22fe0,0x00000000a5180000)
 Metaspace       used 57973K, capacity 59402K, committed 59648K, reserved 1101824K
  class space    used 7576K, capacity 7875K, committed 7936K, reserved 1048576K
}
Event: 60.324 GC heap before
{Heap before GC invocations=19 (full 3):
 PSYoungGen      total 261632K, used 247699K [0x00000000e0000000, 0x00000000f4d80000, 0x0000000100000000)
  eden space 242688K, 99% used [0x00000000e0000000,0x00000000eec9a270,0x00000000eed00000)
  from space 18944K, 28% used [0x00000000eed00000,0x00000000ef24abf0,0x00000000eff80000)
  to   space 18432K, 0% used [0x00000000f3b80000,0x00000000f3b80000,0x00000000f4d80000)
 ParOldGen       total 83456K, used 46219K [0x00000000a0000000, 0x00000000a5180000, 0x00000000e0000000)
  object space 83456K, 55% used [0x00000000a0000000,0x00000000a2d22fe0,0x00000000a5180000)
 Metaspace       used 57983K, capacity 59402K, committed 59648K, reserved 1101824K
  class space    used 7576K, capacity 7875K, committed 7936K, reserved 1048576K
Event: 60.347 GC heap after
Heap after GC invocations=19 (full 3):
 PSYoungGen      total 323584K, used 4428K [0x00000000e0000000, 0x00000000f7d80000, 0x0000000100000000)
  eden space 305152K, 0% used [0x00000000e0000000,0x00000000e0000000,0x00000000f2a00000)
  from space 18432K, 24% used [0x00000000f3b80000,0x00000000f3fd32f8,0x00000000f4d80000)
  to   space 17920K, 0% used [0x00000000f2a00000,0x00000000f2a00000,0x00000000f3b80000)
 ParOldGen       total 83456K, used 46227K [0x00000000a0000000, 0x00000000a5180000, 0x00000000e0000000)
  object space 83456K, 55% used [0x00000000a0000000,0x00000000a2d24fe0,0x00000000a5180000)
 Metaspace       used 57983K, capacity 59402K, committed 59648K, reserved 1101824K
  class space    used 7576K, capacity 7875K, committed 7936K, reserved 1048576K
}
Event: 130.183 GC heap before
{Heap before GC invocations=20 (full 3):
 PSYoungGen      total 323584K, used 309580K [0x00000000e0000000, 0x00000000f7d80000, 0x0000000100000000)
  eden space 305152K, 100% used [0x00000000e0000000,0x00000000f2a00000,0x00000000f2a00000)
  from space 18432K, 24% used [0x00000000f3b80000,0x00000000f3fd32f8,0x00000000f4d80000)
  to   space 17920K, 0% used [0x00000000f2a00000,0x00000000f2a00000,0x00000000f3b80000)
 ParOldGen       total 83456K, used 46227K [0x00000000a0000000, 0x00000000a5180000, 0x00000000e0000000)
  object space 83456K, 55% used [0x00000000a0000000,0x00000000a2d24fe0,0x00000000a5180000)
 Metaspace       used 62412K, capacity 64040K, committed 64256K, reserved 1105920K
  class space    used 7997K, capacity 8374K, committed 8448K, reserved 1048576K

Deoptimization events (10 events):
Event: 129.964 Thread 0x00007fce18010000 Uncommon trap: reason=unstable_if action=reinterpret pc=0x00007fce56ea1ddc method=com.android.dx.util.IntList.binarysearch(I)I @ 26
Event: 129.965 Thread 0x00007fce18010000 Uncommon trap: reason=class_check action=maybe_recompile pc=0x00007fce56eed474 method=com.android.dx.cf.code.BaseMachine.getLocalTarget(Z)Lcom/android/dx/rop/code/RegisterSpec; @ 70
Event: 129.965 Thread 0x00007fce18010000 Uncommon trap: reason=class_check action=maybe_recompile pc=0x00007fce56eed474 method=com.android.dx.cf.code.BaseMachine.getLocalTarget(Z)Lcom/android/dx/rop/code/RegisterSpec; @ 70
Event: 129.965 Thread 0x00007fce18010000 Uncommon trap: reason=unstable_if action=reinterpret pc=0x00007fce5524fee0 method=com.android.dx.cf.code.Ropper.labelToResultIndex(I)I @ 34
Event: 129.967 Thread 0x00007fce18010000 Uncommon trap: reason=unstable_if action=reinterpret pc=0x00007fce56e9bf1c method=com.android.dx.util.LabeledList.set(ILcom/android/dx/util/LabeledItem;)V @ 16
Event: 129.967 Thread 0x00007fce18010000 Uncommon trap: reason=unstable_if action=reinterpret pc=0x00007fce56e762a4 method=com.android.dx.util.LabeledList.set(ILcom/android/dx/util/LabeledItem;)V @ 16
Event: 129.969 Thread 0x00007fce1801b800 Uncommon trap: reason=bimorphic action=maybe_recompile pc=0x00007fce560e545c method=com.android.dx.ssa.LiteralOpUpgrader.tryReplacingWithConstant(Lcom/android/dx/ssa/NormalSsaInsn;)Z @ 52
Event: 129.972 Thread 0x00007fce18010000 Uncommon trap: reason=unstable_if action=reinterpret pc=0x00007fce5700c158 method=com.android.dx.cf.code.RopperMachine.jopToRopOpcode(ILcom/android/dx/rop/cst/Constant;)I @ 1044
Event: 130.056 Thread 0x00007fce1801b800 Uncommon trap: reason=unstable_if action=reinterpret pc=0x00007fce56f00f74 method=com.android.dx.rop.code.DexTranslationAdvice.requiresSourcesInOrder(Lcom/android/dx/rop/code/Rop;Lcom/android/dx/rop/code/RegisterSpecList;)Z @ 21
Event: 130.062 Thread 0x00007fce1801b800 Uncommon trap: reason=bimorphic action=maybe_recompile pc=0x00007fce560e545c method=com.android.dx.ssa.LiteralOpUpgrader.tryReplacingWithConstant(Lcom/android/dx/ssa/NormalSsaInsn;)Z @ 52

Internal exceptions (10 events):
Event: 22.829 Thread 0x00007fce1000c000 Exception <a 'java/lang/NoSuchMethodError': <clinit>> (0x00000000e5ab40d0) thrown at [/ssd/Android/AOSP-openjdk/external/jetbrains/jdk/hotspot/src/share/vm/prims/jni.cpp, line 1591]
Event: 22.991 Thread 0x00007fce1000c000 Exception <a 'java/lang/NoSuchMethodError': <clinit>> (0x00000000e5cc7800) thrown at [/ssd/Android/AOSP-openjdk/external/jetbrains/jdk/hotspot/src/share/vm/prims/jni.cpp, line 1591]
Event: 22.993 Thread 0x00007fce1000c000 Exception <a 'java/lang/NoSuchMethodError': <clinit>> (0x00000000e5ce0010) thrown at [/ssd/Android/AOSP-openjdk/external/jetbrains/jdk/hotspot/src/share/vm/prims/jni.cpp, line 1591]
Event: 22.993 Thread 0x00007fce1000c000 Exception <a 'java/lang/NoSuchMethodError': <clinit>> (0x00000000e5ce1528) thrown at [/ssd/Android/AOSP-openjdk/external/jetbrains/jdk/hotspot/src/share/vm/prims/jni.cpp, line 1591]
Event: 28.989 Thread 0x00007fce1000c000 Implicit null exception at 0x00007fce56649873 to 0x00007fce56649901
Event: 29.081 Thread 0x00007fce1000c000 Implicit null exception at 0x00007fce552bb4d0 to 0x00007fce552bb505
Event: 31.734 Thread 0x00007fce1000c000 Implicit null exception at 0x00007fce5613825f to 0x00007fce56138649
Event: 53.217 Thread 0x00007fce1000c000 Implicit null exception at 0x00007fce567b5bcc to 0x00007fce567b5d01
Event: 53.754 Thread 0x00007fce1000c000 Implicit null exception at 0x00007fce56877608 to 0x00007fce56877cb5
Event: 71.715 Thread 0x00007fce1000c000 Exception <a 'java/lang/NoSuchMethodError': <clinit>> (0x00000000e6b336a0) thrown at [/ssd/Android/AOSP-openjdk/external/jetbrains/jdk/hotspot/src/share/vm/prims/jni.cpp, line 1591]

Events (10 events):
Event: 130.118 Thread 0x00007fce18012000 DEOPT UNPACKING pc=0x00007fce55047373 sp=0x00007fcdd1bf9cb8 mode 0
Event: 130.119 Thread 0x00007fce18012000 DEOPT PACKING pc=0x00007fce551d97aa sp=0x00007fcdd1bf9f30
Event: 130.119 Thread 0x00007fce18012000 DEOPT UNPACKING pc=0x00007fce55047373 sp=0x00007fcdd1bf9cb8 mode 0
Event: 130.126 Thread 0x00007fce1800e000 DEOPT PACKING pc=0x00007fce556a27f7 sp=0x00007fcdd30f11c0
Event: 130.126 Thread 0x00007fce1800e000 DEOPT UNPACKING pc=0x00007fce55047373 sp=0x00007fcdd30f0f50 mode 0
Event: 130.128 Thread 0x00007fce1801b800 DEOPT PACKING pc=0x00007fce55ccaa24 sp=0x00007fcdd1dfc1b0
Event: 130.128 Thread 0x00007fce1801b800 DEOPT UNPACKING pc=0x00007fce55047373 sp=0x00007fcdd1dfbee8 mode 0
Event: 130.175 Thread 0x00007fce1800e000 DEOPT PACKING pc=0x00007fce56dea499 sp=0x00007fcdd30f1130
Event: 130.175 Thread 0x00007fce1800e000 DEOPT UNPACKING pc=0x00007fce55047373 sp=0x00007fcdd30f0e90 mode 0
Event: 130.183 Executing VM operation: ParallelGCFailedAllocation


Dynamic libraries:
00400000-00401000 r-xp 00000000 08:05 525510                             /home/abdulrahman/Downloads/android-studio/jre/bin/java
00600000-00601000 r--p 00000000 08:05 525510                             /home/abdulrahman/Downloads/android-studio/jre/bin/java
00601000-00602000 rw-p 00001000 08:05 525510                             /home/abdulrahman/Downloads/android-studio/jre/bin/java
01cbc000-01f5e000 rw-p 00000000 00:00 0                                  [heap]
a0000000-a5180000 rw-p 00000000 00:00 0 
a5180000-e0000000 ---p 00000000 00:00 0 
e0000000-f7d80000 rw-p 00000000 00:00 0 
fb180000-100000000 ---p 00000000 00:00 0 
100000000-100840000 rw-p 00000000 00:00 0 
100840000-140000000 ---p 00000000 00:00 0 
7fcdd15f8000-7fcdd1678000 rw-p 00000000 00:00 0 
7fcdd1678000-7fcdd17fb000 ---p 00000000 00:00 0 
7fcdd17fb000-7fcdd18f9000 rw-p 00000000 00:00 0 
7fcdd18f9000-7fcdd18fc000 ---p 00000000 00:00 0 
7fcdd18fc000-7fcdd19fa000 rw-p 00000000 00:00 0 
7fcdd19fa000-7fcdd19fd000 ---p 00000000 00:00 0 
7fcdd19fd000-7fcdd1afb000 rw-p 00000000 00:00 0 
7fcdd1afb000-7fcdd1afe000 ---p 00000000 00:00 0 
7fcdd1afe000-7fcdd1bfc000 rw-p 00000000 00:00 0                          [stack:4369]
7fcdd1bfc000-7fcdd1bff000 ---p 00000000 00:00 0 
7fcdd1bff000-7fcdd1cfd000 rw-p 00000000 00:00 0                          [stack:4368]
7fcdd1cfd000-7fcdd1d00000 ---p 00000000 00:00 0 
7fcdd1d00000-7fcdd1dfe000 rw-p 00000000 00:00 0                          [stack:4371]
7fcdd1dfe000-7fcdd1e01000 ---p 00000000 00:00 0 
7fcdd1e01000-7fcdd1eff000 rw-p 00000000 00:00 0 
7fcdd1eff000-7fcdd1f02000 ---p 00000000 00:00 0 
7fcdd1f02000-7fcdd2000000 rw-p 00000000 00:00 0 
7fcdd2000000-7fcdd2003000 ---p 00000000 00:00 0 
7fcdd2003000-7fcdd2101000 rw-p 00000000 00:00 0 
7fcdd2101000-7fcdd2104000 ---p 00000000 00:00 0 
7fcdd2104000-7fcdd2202000 rw-p 00000000 00:00 0 
7fcdd2202000-7fcdd2205000 ---p 00000000 00:00 0 
7fcdd2205000-7fcdd2303000 rw-p 00000000 00:00 0 
7fcdd2303000-7fcdd2306000 ---p 00000000 00:00 0 
7fcdd2306000-7fcdd2404000 rw-p 00000000 00:00 0                          [stack:4367]
7fcdd2404000-7fcdd2407000 ---p 00000000 00:00 0 
7fcdd2407000-7fcdd2505000 rw-p 00000000 00:00 0 
7fcdd2505000-7fcdd2508000 ---p 00000000 00:00 0 
7fcdd2508000-7fcdd2606000 rw-p 00000000 00:00 0 
7fcdd2606000-7fcdd2609000 ---p 00000000 00:00 0 
7fcdd2609000-7fcdd2907000 rw-p 00000000 00:00 0 
7fcdd2907000-7fcdd2b07000 rw-p 00000000 00:00 0 
7fcdd2b07000-7fcdd2d07000 rw-p 00000000 00:00 0 
7fcdd2df2000-7fcdd2ff2000 rw-p 00000000 00:00 0 
7fcdd2ff2000-7fcdd2ff5000 ---p 00000000 00:00 0 
7fcdd2ff5000-7fcdd30f3000 rw-p 00000000 00:00 0                          [stack:4370]
7fcdd30f3000-7fcdd30f6000 ---p 00000000 00:00 0 
7fcdd30f6000-7fcdd31f4000 rw-p 00000000 00:00 0                          [stack:4344]
7fcdd31f4000-7fcdd31f7000 ---p 00000000 00:00 0 
7fcdd31f7000-7fcdd32f5000 rw-p 00000000 00:00 0 
7fcdd32f5000-7fcdd32f8000 ---p 00000000 00:00 0 
7fcdd32f8000-7fcdd35f6000 rw-p 00000000 00:00 0                          [stack:4343]
7fcdd35f6000-7fcdd35f9000 ---p 00000000 00:00 0 
7fcdd35f9000-7fcdd36f7000 rw-p 00000000 00:00 0                          [stack:4342]
7fcdd36f7000-7fcdd36fa000 ---p 00000000 00:00 0 
7fcdd36fa000-7fcdd37f8000 rw-p 00000000 00:00 0                          [stack:4307]
7fcdd37f8000-7fcdd37fb000 ---p 00000000 00:00 0 
7fcdd37fb000-7fcdd38f9000 rw-p 00000000 00:00 0                          [stack:4306]
7fcdd38f9000-7fcdd38fc000 ---p 00000000 00:00 0 
7fcdd38fc000-7fcdd39fa000 rw-p 00000000 00:00 0                          [stack:4305]
7fcdd39fa000-7fcdd39fd000 ---p 00000000 00:00 0 
7fcdd39fd000-7fcdd3afb000 rw-p 00000000 00:00 0                          [stack:4304]
7fcdd3afb000-7fcdd3afe000 ---p 00000000 00:00 0 
7fcdd3afe000-7fcdd3bfc000 rw-p 00000000 00:00 0                          [stack:4303]
7fcdd3bfc000-7fcdd3bff000 ---p 00000000 00:00 0 
7fcdd3bff000-7fcdd3cfd000 rw-p 00000000 00:00 0                          [stack:4302]
7fcdd3cfd000-7fcdd3d00000 ---p 00000000 00:00 0 
7fcdd3d00000-7fcdd3dfe000 rw-p 00000000 00:00 0                          [stack:4301]
7fcdd3dfe000-7fcdd3e01000 ---p 00000000 00:00 0 
7fcdd3e01000-7fcdd3eff000 rw-p 00000000 00:00 0                          [stack:4300]
7fcdd3eff000-7fcdd3f02000 ---p 00000000 00:00 0 
7fcdd3f02000-7fcdd4000000 rw-p 00000000 00:00 0                          [stack:4299]
7fcdd4000000-7fcdd4021000 rw-p 00000000 00:00 0 
7fcdd4021000-7fcdd8000000 ---p 00000000 00:00 0 
7fcdd8000000-7fcdd8021000 rw-p 00000000 00:00 0 
7fcdd8021000-7fcddc000000 ---p 00000000 00:00 0 
7fcddc000000-7fcddc021000 rw-p 00000000 00:00 0 
7fcddc021000-7fcde0000000 ---p 00000000 00:00 0 
7fcde0000000-7fcde0021000 rw-p 00000000 00:00 0 
7fcde0021000-7fcde4000000 ---p 00000000 00:00 0 
7fcde4000000-7fcde4021000 rw-p 00000000 00:00 0 
7fcde4021000-7fcde8000000 ---p 00000000 00:00 0 
7fcde8000000-7fcde8021000 rw-p 00000000 00:00 0 
7fcde8021000-7fcdec000000 ---p 00000000 00:00 0 
7fcdec000000-7fcdec021000 rw-p 00000000 00:00 0 
7fcdec021000-7fcdf0000000 ---p 00000000 00:00 0 
7fcdf0000000-7fcdf0021000 rw-p 00000000 00:00 0 
7fcdf0021000-7fcdf4000000 ---p 00000000 00:00 0 
7fcdf4000000-7fcdf4045000 rw-p 00000000 00:00 0 
7fcdf4045000-7fcdf8000000 ---p 00000000 00:00 0 
7fcdf8000000-7fcdf8021000 rw-p 00000000 00:00 0 
7fcdf8021000-7fcdfc000000 ---p 00000000 00:00 0 
7fcdfc000000-7fcdfd727000 rw-p 00000000 00:00 0 
7fcdfd727000-7fce00000000 ---p 00000000 00:00 0 
7fce00000000-7fce00021000 rw-p 00000000 00:00 0 
7fce00021000-7fce04000000 ---p 00000000 00:00 0 
7fce04000000-7fce04021000 rw-p 00000000 00:00 0 
7fce04021000-7fce08000000 ---p 00000000 00:00 0 
7fce08000000-7fce08021000 rw-p 00000000 00:00 0 
7fce08021000-7fce0c000000 ---p 00000000 00:00 0 
7fce0c000000-7fce0c051000 rw-p 00000000 00:00 0 
7fce0c051000-7fce10000000 ---p 00000000 00:00 0 
7fce10000000-7fce10021000 rw-p 00000000 00:00 0 
7fce10021000-7fce14000000 ---p 00000000 00:00 0 
7fce14000000-7fce14064000 rw-p 00000000 00:00 0 
7fce14064000-7fce18000000 ---p 00000000 00:00 0 
7fce18000000-7fce1804c000 rw-p 00000000 00:00 0 
7fce1804c000-7fce1c000000 ---p 00000000 00:00 0 
7fce1c05e000-7fce1c05f000 rw-p 00000000 00:00 0 
7fce1c05f000-7fce1c062000 ---p 00000000 00:00 0 
7fce1c062000-7fce1c098000 rw-p 00000000 00:00 0 
7fce1c098000-7fce1c09b000 ---p 00000000 00:00 0 
7fce1c09b000-7fce1c199000 rw-p 00000000 00:00 0                          [stack:4298]
7fce1c199000-7fce1c19c000 ---p 00000000 00:00 0 
7fce1c19c000-7fce1c1d2000 rw-p 00000000 00:00 0                          [stack:4297]
7fce1c1d2000-7fce1c1d5000 ---p 00000000 00:00 0 
7fce1c1d5000-7fce1c20b000 rw-p 00000000 00:00 0                          [stack:4295]
7fce1c20b000-7fce1c20e000 ---p 00000000 00:00 0 
7fce1c20e000-7fce1c244000 rw-p 00000000 00:00 0                          [stack:4293]
7fce1c244000-7fce1c247000 ---p 00000000 00:00 0 
7fce1c247000-7fce1c27d000 rw-p 00000000 00:00 0                          [stack:4292]
7fce1c27d000-7fce1c280000 ---p 00000000 00:00 0 
7fce1c280000-7fce1c37e000 rw-p 00000000 00:00 0                          [stack:4288]
7fce1c37e000-7fce1c381000 ---p 00000000 00:00 0 
7fce1c381000-7fce1c47f000 rw-p 00000000 00:00 0                          [stack:4287]
7fce1c47f000-7fce1c482000 ---p 00000000 00:00 0 
7fce1c482000-7fce1c580000 rw-p 00000000 00:00 0                          [stack:4286]
7fce1c580000-7fce1c583000 ---p 00000000 00:00 0 
7fce1c583000-7fce1c681000 rw-p 00000000 00:00 0                          [stack:4285]
7fce1c681000-7fce1c684000 ---p 00000000 00:00 0 
7fce1c684000-7fce1c782000 rw-p 00000000 00:00 0                          [stack:4284]
7fce1c782000-7fce1c785000 ---p 00000000 00:00 0 
7fce1c785000-7fce1c883000 rw-p 00000000 00:00 0                          [stack:4283]
7fce1c883000-7fce1c886000 ---p 00000000 00:00 0 
7fce1c886000-7fce1c984000 rw-p 00000000 00:00 0                          [stack:4282]
7fce1c984000-7fce1c987000 ---p 00000000 00:00 0 
7fce1c987000-7fce1ca85000 rw-p 00000000 00:00 0                          [stack:4281]
7fce1ca85000-7fce1ca88000 ---p 00000000 00:00 0 
7fce1ca88000-7fce1cd86000 rw-p 00000000 00:00 0                          [stack:4280]
7fce1cd86000-7fce1cf86000 rw-p 00000000 00:00 0 
7fce1cf86000-7fce1d186000 rw-p 00000000 00:00 0 
7fce1d186000-7fce1d386000 rw-p 00000000 00:00 0 
7fce1d386000-7fce1d586000 rw-p 00000000 00:00 0 
7fce1d586000-7fce1d599000 r--s 00344000 08:05 525571                     /home/abdulrahman/Downloads/android-studio/jre/jre/lib/resources.jar
7fce1d599000-7fce1d799000 rw-p 00000000 00:00 0 
7fce1d799000-7fce1d999000 rw-p 00000000 00:00 0 
7fce1d999000-7fce1db99000 rw-p 00000000 00:00 0 
7fce1db99000-7fce1dd99000 rw-p 00000000 00:00 0 
7fce1dd99000-7fce1df99000 rw-p 00000000 00:00 0 
7fce1df99000-7fce1dfc4000 r--s 001fc000 08:05 1315697                    /home/abdulrahman/Downloads/android-studio/gradle/m2repository/com/google/guava/guava/18.0/guava-18.0.jar
7fce1dfc4000-7fce1dfc5000 r--s 00001000 08:05 1315348                    /home/abdulrahman/Downloads/android-studio/gradle/m2repository/com/android/tools/annotations/25.2.3/annotations-25.2.3.jar
7fce1dfc5000-7fce1dfd8000 r--s 000b2000 08:05 1315402                    /home/abdulrahman/Downloads/android-studio/gradle/m2repository/com/android/tools/external/com-intellij/uast/145.597.4/uast-145.597.4.jar
7fce1dfd8000-7fce1dfe0000 r--s 000a8000 08:05 1316086                    /home/abdulrahman/Downloads/android-studio/gradle/m2repository/com/android/tools/external/lombok/lombok-ast/0.2.3/lombok-ast-0.2.3.jar
7fce1dfe0000-7fce1dfe2000 r--s 0000d000 08:05 1316291                    /home/abdulrahman/Downloads/android-studio/gradle/m2repository/commons-codec/commons-codec/1.4/commons-codec-1.4.jar
7fce1dfe2000-7fce1dfe4000 r--s 0000d000 08:05 1185724                    /home/abdulrahman/Downloads/android-studio/gradle/m2repository/commons-logging/commons-logging/1.1.1/commons-logging-1.1.1.jar
7fce1dfe4000-7fce1dfe9000 r--s 00028000 08:05 1315586                    /home/abdulrahman/Downloads/android-studio/gradle/m2repository/org/apache/httpcomponents/httpcore/4.1/httpcore-4.1.jar
7fce1dfe9000-7fce1dfed000 r--s 0002f000 08:05 1315727                    /home/abdulrahman/Downloads/android-studio/gradle/m2repository/com/google/jimfs/jimfs/1.1/jimfs-1.1.jar
7fce1dfed000-7fce1dfee000 r--s 00004000 08:05 1315660                    /home/abdulrahman/Downloads/android-studio/gradle/m2repository/com/intellij/annotations/12.0/annotations-12.0.jar
7fce1dfee000-7fce1dfef000 r--s 00004000 08:05 1185771                    /home/abdulrahman/Downloads/android-studio/gradle/m2repository/org/ow2/asm/asm-analysis/5.0.4/asm-analysis-5.0.4.jar
7fce1dfef000-7fce1dff3000 r--s 0003b000 08:05 1315748                    /home/abdulrahman/Downloads/android-studio/gradle/m2repository/com/android/tools/lint/lint-api/25.2.3/lint-api-25.2.3.jar
7fce1dff3000-7fce1dff4000 r--s 0000a000 08:05 1185914                    /home/abdulrahman/Downloads/android-studio/gradle/m2repository/net/sf/kxml/kxml2/2.3.0/kxml2-2.3.0.jar
7fce1dff4000-7fce1dff6000 r--s 00005000 08:05 1315577                    /home/abdulrahman/Downloads/android-studio/gradle/m2repository/org/apache/httpcomponents/httpmime/4.1/httpmime-4.1.jar
7fce1dff6000-7fce1dffe000 r--s 0004e000 08:05 1315597                    /home/abdulrahman/Downloads/android-studio/gradle/m2repository/org/apache/httpcomponents/httpclient/4.1.1/httpclient-4.1.1.jar
7fce1dffe000-7fce1e005000 r--s 00053000 08:05 1315609                    /home/abdulrahman/Downloads/android-studio/gradle/m2repository/org/apache/commons/commons-compress/1.8.1/commons-compress-1.8.1.jar
7fce1e005000-7fce1e00a000 r--s 0002a000 08:05 1315715                    /home/abdulrahman/Downloads/android-studio/gradle/m2repository/com/google/code/gson/gson/2.2.4/gson-2.2.4.jar
7fce1e00a000-7fce1e00f000 r--s 0002d000 08:05 1315404                    /home/abdulrahman/Downloads/android-studio/gradle/m2repository/com/android/tools/repository/25.2.3/repository-25.2.3.jar
7fce1e00f000-7fce1e010000 r--s 00005000 08:05 1315396                    /home/abdulrahman/Downloads/android-studio/gradle/m2repository/com/android/tools/dvlib/25.2.3/dvlib-25.2.3.jar
7fce1e010000-7fce1e013000 r--s 00014000 08:05 1315375                    /home/abdulrahman/Downloads/android-studio/gradle/m2repository/com/android/tools/layoutlib/layoutlib-api/25.2.3/layoutlib-api-25.2.3.jar
7fce1e013000-7fce1e018000 r--s 00058000 08:05 1185746                    /home/abdulrahman/Downloads/android-studio/gradle/m2repository/org/ow2/asm/asm-debug-all/5.0.1/asm-debug-all-5.0.1.jar
7fce1e018000-7fce1e028000 r--s 000d6000 08:05 1316267                    /home/abdulrahman/Downloads/android-studio/gradle/m2repository/net/sf/proguard/proguard-base/5.2.1/proguard-base-5.2.1.jar
7fce1e028000-7fce1e02b000 r--s 00033000 08:05 1315667                    /home/abdulrahman/Downloads/android-studio/gradle/m2repository/com/googlecode/juniversalchardet/juniversalchardet/1.0.3/juniversalchardet-1.0.3.jar
7fce1e02b000-7fce1e02f000 r--s 0002a000 08:05 1185717                    /home/abdulrahman/Downloads/android-studio/gradle/m2repository/commons-io/commons-io/2.4/commons-io-2.4.jar
7fce1e02f000-7fce1e046000 r--s 00154000 08:05 1185885                    /home/abdulrahman/Downloads/android-studio/gradle/m2repository/org/antlr/antlr4/4.5.3/antlr4-4.5.3.jar
7fce1e046000-7fce1e047000 r--s 00002000 08:05 1315342                    /home/abdulrahman/Downloads/android-studio/gradle/m2repository/com/android/databinding/baseLibrary/2.2.3/baseLibrary-2.2.3.jar
7fce1e047000-7fce1e05a000 r--s 00236000 08:05 1185830                    /home/abdulrahman/Downloads/android-studio/gradle/m2repository/org/eclipse/jdt/core/compiler/ecj/4.5.1/ecj-4.5.1.jar
7fce1e05a000-7fce1e061000 r--s 000c3000 08:05 1315735                    /home/abdulrahman/Downloads/android-studio/gradle/m2repository/com/android/tools/lint/lint-checks/25.2.3/lint-checks-25.2.3.jar
7fce1e061000-7fce1e063000 r--s 00006000 08:05 1185785                    /home/abdulrahman/Downloads/android-studio/gradle/m2repository/org/ow2/asm/asm-tree/5.0.4/asm-tree-5.0.4.jar
7fce1e063000-7fce1e096000 r--s 00203000 08:05 1185892                    /home/abdulrahman/Downloads/android-studio/gradle/m2repository/org/bouncycastle/bcprov-jdk15on/1.48/bcprov-jdk15on-1.48.jar
7fce1e096000-7fce1e0a4000 r--s 00081000 08:05 1185897                    /home/abdulrahman/Downloads/android-studio/gradle/m2repository/org/bouncycastle/bcpkix-jdk15on/1.48/bcpkix-jdk15on-1.48.jar
7fce1e0a4000-7fce1e0a6000 r--s 00002000 08:05 1315675                    /home/abdulrahman/Downloads/android-studio/gradle/m2repository/com/squareup/javawriter/2.5.0/javawriter-2.5.0.jar
7fce1e0a6000-7fce1e0a7000 r--s 00002000 08:05 1315412                    /home/abdulrahman/Downloads/android-studio/gradle/m2repository/com/android/tools/analytics-library/tracker/25.2.3/tracker-25.2.3.jar
7fce1e0a7000-7fce1e0a9000 r--s 00003000 08:05 1315432                    /home/abdulrahman/Downloads/android-studio/gradle/m2repository/com/android/tools/analytics-library/shared/25.2.3/shared-25.2.3.jar
7fce1e0a9000-7fce1e0b6000 r--s 000ed000 08:05 1315420                    /home/abdulrahman/Downloads/android-studio/gradle/m2repository/com/android/tools/analytics-library/protos/25.2.3/protos-25.2.3.jar
7fce1e0b6000-7fce1e0b7000 r--s 00001000 08:05 1315780                    /home/abdulrahman/Downloads/android-studio/gradle/m2repository/com/android/tools/jill/jill-api/0.10.0/jill-api-0.10.0.jar
7fce1e0b7000-7fce1e0b9000 r--s 00003000 08:05 1315835                    /home/abdulrahman/Downloads/android-studio/gradle/m2repository/com/android/tools/jack/jack-api/0.11.0/jack-api-0.11.0.jar
7fce1e0b9000-7fce1e0be000 r--s 0004a000 08:05 1315379                    /home/abdulrahman/Downloads/android-studio/gradle/m2repository/com/android/tools/ddms/ddmlib/25.2.3/ddmlib-25.2.3.jar
7fce1e0be000-7fce1e0c1000 r--s 00021000 08:05 1315364                    /home/abdulrahman/Downloads/android-studio/gradle/m2repository/com/android/tools/build/manifest-merger/25.2.3/manifest-merger-25.2.3.jar
7fce1e0c1000-7fce1e0c3000 r--s 0001c000 08:05 1315758                    /home/abdulrahman/Downloads/android-studio/gradle/m2repository/com/android/tools/common/25.2.3/common-25.2.3.jar
7fce1e0c3000-7fce1e0cb000 r--s 00084000 08:05 1315378                    /home/abdulrahman/Downloads/android-studio/gradle/m2repository/com/android/tools/sdk-common/25.2.3/sdk-common-25.2.3.jar
7fce1e0cb000-7fce1e0d6000 r--s 0008e000 08:05 1315756                    /home/abdulrahman/Downloads/android-studio/gradle/m2repository/com/android/tools/sdklib/25.2.3/sdklib-25.2.3.jar
7fce1e0d6000-7fce1e0d7000 r--s 00002000 08:05 1315353                    /home/abdulrahman/Downloads/android-studio/gradle/m2repository/com/android/tools/build/builder-test-api/2.2.3/builder-test-api-2.2.3.jar
7fce1e0d7000-7fce1e0da000 r--s 00005000 08:05 1315370                    /home/abdulrahman/Downloads/android-studio/gradle/m2repository/com/android/tools/build/builder-model/2.2.3/builder-model-2.2.3.jar
7fce1e0da000-7fce1e0e2000 r--s 0007b000 08:05 1315707                    /home/abdulrahman/Downloads/android-studio/gradle/m2repository/com/google/protobuf/protobuf-java/2.5.0/protobuf-java-2.5.0.jar
7fce1e0e2000-7fce1e0e4000 r--s 0000f000 08:05 1185907                    /home/abdulrahman/Downloads/android-studio/gradle/m2repository/net/sf/jopt-simple/jopt-simple/4.9/jopt-simple-4.9.jar
7fce1e0e4000-7fce1e0e8000 r--s 0001f000 08:05 1315565                    /home/abdulrahman/Downloads/android-studio/gradle/m2repository/org/jacoco/org.jacoco.report/0.7.5.201505241946/org.jacoco.report-0.7.5.201505241946.jar
7fce1e0e8000-7fce1e0ec000 r--s 0001d000 08:05 1315550                    /home/abdulrahman/Downloads/android-studio/gradle/m2repository/org/jacoco/org.jacoco.core/0.7.5.201505241946/org.jacoco.core-0.7.5.201505241946.jar
7fce1e0ec000-7fce1e0ed000 r--s 00002000 08:05 1316283                    /home/abdulrahman/Downloads/android-studio/gradle/m2repository/net/sf/proguard/proguard-gradle/5.2.1/proguard-gradle-5.2.1.jar
7fce1e0ed000-7fce1e0ef000 r--s 00009000 08:05 1185794                    /home/abdulrahman/Downloads/android-studio/gradle/m2repository/org/ow2/asm/asm-commons/5.0.4/asm-commons-5.0.4.jar
7fce1e0ef000-7fce1e0f1000 r--s 0000c000 08:05 1185817                    /home/abdulrahman/Downloads/android-studio/gradle/m2repository/org/ow2/asm/asm/5.0.4/asm-5.0.4.jar
7fce1e0f1000-7fce1e0f5000 r--s 0002b000 08:05 1315345                    /home/abdulrahman/Downloads/android-studio/gradle/m2repository/com/android/databinding/compilerCommon/2.2.3/compilerCommon-2.2.3.jar
7fce1e0f5000-7fce1e0f6000 r--s 00002000 08:05 1315361                    /home/abdulrahman/Downloads/android-studio/gradle/m2repository/com/android/tools/build/gradle-api/2.2.3/gradle-api-2.2.3.jar
7fce1e0f6000-7fce1e0f7000 r--s 00000000 08:05 1315771                    /home/abdulrahman/Downloads/android-studio/gradle/m2repository/com/android/tools/build/transform-api/2.0.0-deprecated-use-gradle-api/transform-api-2.0.0-deprecated-use-gradle-api.jar
7fce1e0f7000-7fce1e0fc000 r--s 00053000 08:05 1315737                    /home/abdulrahman/Downloads/android-studio/gradle/m2repository/com/android/tools/lint/lint/25.2.3/lint-25.2.3.jar
7fce1e0fc000-7fce1e113000 r--s 0015e000 08:05 1315352                    /home/abdulrahman/Downloads/android-studio/gradle/m2repository/com/android/tools/build/builder/2.2.3/builder-2.2.3.jar
7fce1e113000-7fce1e130000 r--s 0019d000 08:05 1315367                    /home/abdulrahman/Downloads/android-studio/gradle/m2repository/com/android/tools/build/gradle-core/2.2.3/gradle-core-2.2.3.jar
7fce1e130000-7fce1e132000 r--s 0000d000 08:05 1315371                    /home/abdulrahman/Downloads/android-studio/gradle/m2repository/com/android/tools/build/gradle/2.2.3/gradle-2.2.3.jar
7fce1e132000-7fce1e332000 rw-p 00000000 00:00 0 
7fce1e332000-7fce1e335000 ---p 00000000 00:00 0 
7fce1e335000-7fce1e633000 rw-p 00000000 00:00 0                          [stack:4276]
7fce1e633000-7fce1e636000 ---p 00000000 00:00 0 
7fce1e636000-7fce1e66c000 rw-p 00000000 00:00 0                          [stack:4275]
7fce1e66c000-7fce1e66d000 r--p 00000000 00:00 0 
7fce1e66d000-7fce1e86d000 rw-p 00000000 00:00 0 
7fce1e86d000-7fce1ea6d000 rw-p 00000000 00:00 0 
7fce1ea6d000-7fce1ec6d000 rw-p 00000000 00:00 0 
7fce1ec6d000-7fce1ee6d000 rw-p 00000000 00:00 0 
7fce1ee6d000-7fce1f06d000 rw-p 00000000 00:00 0 
7fce1f06d000-7fce1f0e5000 r--s 010eb000 08:05 525409                     /home/abdulrahman/Downloads/android-studio/jre/lib/tools.jar
7fce1f0e5000-7fce1f0e8000 ---p 00000000 00:00 0 
7fce1f0e8000-7fce1f1e6000 rw-p 00000000 00:00 0                          [stack:4341]
7fce1f1e6000-7fce1f1e9000 ---p 00000000 00:00 0 
7fce1f1e9000-7fce1f2e7000 rw-p 00000000 00:00 0                          [stack:4272]
7fce1f2e7000-7fce1f2ea000 ---p 00000000 00:00 0 
7fce1f2ea000-7fce1f3e8000 rw-p 00000000 00:00 0                          [stack:4269]
7fce1f3e8000-7fce1f3eb000 ---p 00000000 00:00 0 
7fce1f3eb000-7fce1f4e9000 rw-p 00000000 00:00 0                          [stack:4268]
7fce1f4e9000-7fce1f4ec000 ---p 00000000 00:00 0 
7fce1f4ec000-7fce1f5ea000 rw-p 00000000 00:00 0                          [stack:4267]
7fce1f5ea000-7fce1f5ed000 ---p 00000000 00:00 0 
7fce1f5ed000-7fce1f6eb000 rw-p 00000000 00:00 0                          [stack:4266]
7fce1f6eb000-7fce1f6ee000 ---p 00000000 00:00 0 
7fce1f6ee000-7fce1f9ec000 rw-p 00000000 00:00 0                          [stack:4265]
7fce1f9ec000-7fce1f9f3000 r--s 00000000 08:05 1981093                    /usr/lib/x86_64-linux-gnu/gconv/gconv-modules.cache
7fce1f9f3000-7fce1f9f6000 ---p 00000000 00:00 0 
7fce1f9f6000-7fce1faf4000 rw-p 00000000 00:00 0                          [stack:4264]
7fce1faf4000-7fce1fafd000 r-xp 00000000 08:05 525658                     /home/abdulrahman/Downloads/android-studio/jre/jre/lib/amd64/libmanagement.so
7fce1fafd000-7fce1fcfc000 ---p 00009000 08:05 525658                     /home/abdulrahman/Downloads/android-studio/jre/jre/lib/amd64/libmanagement.so
7fce1fcfc000-7fce1fcfd000 r--p 00008000 08:05 525658                     /home/abdulrahman/Downloads/android-studio/jre/jre/lib/amd64/libmanagement.so
7fce1fcfd000-7fce1fcfe000 rw-p 00009000 08:05 525658                     /home/abdulrahman/Downloads/android-studio/jre/jre/lib/amd64/libmanagement.so
7fce1fcfe000-7fce1fd02000 r--s 00097000 08:05 525631                     /home/abdulrahman/Downloads/android-studio/jre/jre/lib/jsse.jar
7fce1fd02000-7fce1fd04000 r--s 00007000 08:05 793232                     /home/abdulrahman/Downloads/android-studio/gradle/gradle-2.14.1/lib/plugins/gradle-tooling-api-builders-2.14.1.jar
7fce1fd04000-7fce1fd07000 r--s 00008000 08:05 793226                     /home/abdulrahman/Downloads/android-studio/gradle/gradle-2.14.1/lib/plugins/gradle-testing-native-2.14.1.jar
7fce1fd07000-7fce1fd09000 r--s 00009000 08:05 793307                     /home/abdulrahman/Downloads/android-studio/gradle/gradle-2.14.1/lib/plugins/hamcrest-core-1.3.jar
7fce1fd09000-7fce1fd0f000 r--s 00033000 08:05 793237                     /home/abdulrahman/Downloads/android-studio/gradle/gradle-2.14.1/lib/plugins/snakeyaml-1.6.jar
7fce1fd0f000-7fce1fd11000 r--s 00006000 08:05 793258                     /home/abdulrahman/Downloads/android-studio/gradle/gradle-2.14.1/lib/plugins/jcommander-1.12.jar
7fce1fd11000-7fce1fd16000 r--s 00040000 08:05 793235                     /home/abdulrahman/Downloads/android-studio/gradle/gradle-2.14.1/lib/plugins/bsh-2.0b4.jar
7fce1fd16000-7fce1fd1f000 r--s 00089000 08:05 793261                     /home/abdulrahman/Downloads/android-studio/gradle/gradle-2.14.1/lib/plugins/testng-6.3.1.jar
7fce1fd1f000-7fce1fd27000 r--s 00045000 08:05 793266                     /home/abdulrahman/Downloads/android-studio/gradle/gradle-2.14.1/lib/plugins/junit-4.12.jar
7fce1fd27000-7fce1fd2d000 r--s 0002e000 08:05 793242                     /home/abdulrahman/Downloads/android-studio/gradle/gradle-2.14.1/lib/plugins/gradle-testing-jvm-2.14.1.jar
7fce1fd2d000-7fce1fd32000 r--s 00015000 08:05 793251                     /home/abdulrahman/Downloads/android-studio/gradle/gradle-2.14.1/lib/plugins/gradle-testing-base-2.14.1.jar
7fce1fd32000-7fce1fd33000 r--s 00002000 08:05 793264                     /home/abdulrahman/Downloads/android-studio/gradle/gradle-2.14.1/lib/plugins/sonar-batch-bootstrapper-2.9.jar
7fce1fd33000-7fce1fd36000 r--s 00015000 08:05 793241                     /home/abdulrahman/Downloads/android-studio/gradle/gradle-2.14.1/lib/plugins/gradle-sonar-2.14.1.jar
7fce1fd36000-7fce1fd3d000 r--s 00038000 08:05 793282                     /home/abdulrahman/Downloads/android-studio/gradle/gradle-2.14.1/lib/plugins/bcpg-jdk15on-1.51.jar
7fce1fd3d000-7fce1fd3f000 r--s 0000d000 08:05 793288                     /home/abdulrahman/Downloads/android-studio/gradle/gradle-2.14.1/lib/plugins/gradle-signing-2.14.1.jar
7fce1fd3f000-7fce1fd42000 r--s 00009000 08:05 793271                     /home/abdulrahman/Downloads/android-studio/gradle/gradle-2.14.1/lib/plugins/gradle-scala-2.14.1.jar
7fce1fd42000-7fce1fd43000 r--s 00004000 08:05 793295                     /home/abdulrahman/Downloads/android-studio/gradle/gradle-2.14.1/lib/plugins/gradle-resources-sftp-2.14.1.jar
7fce1fd43000-7fce1fd53000 r--s 00088000 08:05 793248                     /home/abdulrahman/Downloads/android-studio/gradle/gradle-2.14.1/lib/plugins/joda-time-2.8.2.jar
7fce1fd53000-7fce1fd64000 r--s 000cf000 08:05 793314                     /home/abdulrahman/Downloads/android-studio/gradle/gradle-2.14.1/lib/plugins/jackson-databind-2.3.2.jar
7fce1fd64000-7fce1fd66000 r--s 00007000 08:05 793277                     /home/abdulrahman/Downloads/android-studio/gradle/gradle-2.14.1/lib/plugins/jackson-annotations-2.3.2.jar
7fce1fd66000-7fce1fd69000 r--s 0002e000 08:05 793284                     /home/abdulrahman/Downloads/android-studio/gradle/gradle-2.14.1/lib/plugins/jackson-core-2.3.2.jar
7fce1fd69000-7fce1fd74000 r--s 0006b000 08:05 793328                     /home/abdulrahman/Downloads/android-studio/gradle/gradle-2.14.1/lib/plugins/aws-java-sdk-core-1.9.19.jar
7fce1fd74000-7fce1fd7a000 r--s 00036000 08:05 793276                     /home/abdulrahman/Downloads/android-studio/gradle/gradle-2.14.1/lib/plugins/aws-java-sdk-kms-1.9.19.jar
7fce1fd7a000-7fce1fd85000 r--s 00079000 08:05 793263                     /home/abdulrahman/Downloads/android-studio/gradle/gradle-2.14.1/lib/plugins/aws-java-sdk-s3-1.9.19.jar
7fce1fd85000-7fce1fd86000 r--s 00003000 08:05 793310                     /home/abdulrahman/Downloads/android-studio/gradle/gradle-2.14.1/lib/plugins/gradle-resources-s3-2.14.1.jar
7fce1fd86000-7fce1fd88000 r--s 00005000 08:05 793305                     /home/abdulrahman/Downloads/android-studio/gradle/gradle-2.14.1/lib/plugins/jatl-0.2.2.jar
7fce1fd88000-7fce1fd8a000 r--s 0000f000 08:05 793322                     /home/abdulrahman/Downloads/android-studio/gradle/gradle-2.14.1/lib/plugins/gradle-reporting-2.14.1.jar
7fce1fd8a000-7fce1fd8c000 r--s 00002000 08:05 793281                     /home/abdulrahman/Downloads/android-studio/gradle/gradle-2.14.1/lib/plugins/gradle-publish-2.14.1.jar
7fce1fd8c000-7fce1fd8e000 r--s 00009000 08:05 793254                     /home/abdulrahman/Downloads/android-studio/gradle/gradle-2.14.1/lib/plugins/commons-cli-1.2.jar
7fce1fd8e000-7fce1fd94000 r--s 00033000 08:05 793265                     /home/abdulrahman/Downloads/android-studio/gradle/gradle-2.14.1/lib/plugins/gradle-plugins-2.14.1.jar
7fce1fd94000-7fce1fd96000 r--s 00007000 08:05 793229                     /home/abdulrahman/Downloads/android-studio/gradle/gradle-2.14.1/lib/plugins/gradle-plugin-development-2.14.1.jar
7fce1fd96000-7fce1fd9c000 r--s 0002a000 08:05 793287                     /home/abdulrahman/Downloads/android-studio/gradle/gradle-2.14.1/lib/plugins/gradle-platform-play-2.14.1.jar
7fce1fd9c000-7fce1fda9000 r--s 0004d000 08:05 793286                     /home/abdulrahman/Downloads/android-studio/gradle/gradle-2.14.1/lib/plugins/gradle-platform-native-2.14.1.jar
7fce1fda9000-7fce1fdad000 r--s 0001a000 08:05 793308                     /home/abdulrahman/Downloads/android-studio/gradle/gradle-2.14.1/lib/plugins/gradle-platform-jvm-2.14.1.jar
7fce1fdad000-7fce1fdb4000 r--s 00029000 08:05 793257                     /home/abdulrahman/Downloads/android-studio/gradle/gradle-2.14.1/lib/plugins/gradle-platform-base-2.14.1.jar
7fce1fdb4000-7fce1fdd5000 r--s 001c3000 08:05 793233                     /home/abdulrahman/Downloads/android-studio/gradle/gradle-2.14.1/lib/plugins/bndlib-2.4.0.jar
7fce1fdd5000-7fce1fdd7000 r--s 00003000 08:05 793313                     /home/abdulrahman/Downloads/android-studio/gradle/gradle-2.14.1/lib/plugins/gradle-osgi-2.14.1.jar
7fce1fdd7000-7fce1fdda000 r--s 0000c000 08:05 793317                     /home/abdulrahman/Downloads/android-studio/gradle/gradle-2.14.1/lib/plugins/pmaven-groovy-0.8-20100325.jar
7fce1fdda000-7fce1fde0000 r--s 00022000 08:05 793256                     /home/abdulrahman/Downloads/android-studio/gradle/gradle-2.14.1/lib/plugins/gradle-maven-2.14.1.jar
7fce1fde0000-7fce1fde2000 r--s 0000a000 08:05 793238                     /home/abdulrahman/Downloads/android-studio/gradle/gradle-2.14.1/lib/plugins/gradle-language-scala-2.14.1.jar
7fce1fde2000-7fce1fde8000 r--s 0001a000 08:05 793243                     /home/abdulrahman/Downloads/android-studio/gradle/gradle-2.14.1/lib/plugins/gradle-language-native-2.14.1.jar
7fce1fde8000-7fce1fdea000 r--s 00008000 08:05 793231                     /home/abdulrahman/Downloads/android-studio/gradle/gradle-2.14.1/lib/plugins/gradle-language-jvm-2.14.1.jar
7fce1fdea000-7fce1fe00000 r-xp 00000000 08:05 1311856                    /lib/x86_64-linux-gnu/libgcc_s.so.1
7fce1fe00000-7fce1ffff000 ---p 00016000 08:05 1311856                    /lib/x86_64-linux-gnu/libgcc_s.so.1
7fce1ffff000-7fce20000000 rw-p 00015000 08:05 1311856                    /lib/x86_64-linux-gnu/libgcc_s.so.1
7fce20000000-7fce20d50000 rw-p 00000000 00:00 0 
7fce20d50000-7fce24000000 ---p 00000000 00:00 0 
7fce24000000-7fce24041000 rw-p 00000000 00:00 0 
7fce24041000-7fce28000000 ---p 00000000 00:00 0 
7fce28000000-7fce2a06b000 rw-p 00000000 00:00 0 
7fce2a06b000-7fce2c000000 ---p 00000000 00:00 0 
7fce2c000000-7fce2e51e000 rw-p 00000000 00:00 0 
7fce2e51e000-7fce30000000 ---p 00000000 00:00 0 
7fce30000000-7fce30021000 rw-p 00000000 00:00 0 
7fce30021000-7fce34000000 ---p 00000000 00:00 0 
7fce34000000-7fce34021000 rw-p 00000000 00:00 0 
7fce34021000-7fce38000000 ---p 00000000 00:00 0 
7fce38000000-7fce382d7000 rw-p 00000000 00:00 0 
7fce382d7000-7fce3c000000 ---p 00000000 00:00 0 
7fce3c000000-7fce3c021000 rw-p 00000000 00:00 0 
7fce3c021000-7fce40000000 ---p 00000000 00:00 0 
7fce40000000-7fce40022000 rw-p 00000000 00:00 0 
7fce40022000-7fce44000000 ---p 00000000 00:00 0 
7fce44000000-7fce44001000 r--s 00004000 08:05 793303                     /home/abdulrahman/Downloads/android-studio/gradle/gradle-2.14.1/lib/plugins/pmaven-common-0.8-20100325.jar
7fce44001000-7fce44007000 r--s 00024000 08:05 793304                     /home/abdulrahman/Downloads/android-studio/gradle/gradle-2.14.1/lib/plugins/gradle-language-java-2.14.1.jar
7fce44007000-7fce44009000 r--s 0000a000 08:05 793285                     /home/abdulrahman/Downloads/android-studio/gradle/gradle-2.14.1/lib/plugins/gradle-language-groovy-2.14.1.jar
7fce44009000-7fce4400c000 r--s 0001e000 08:05 793225                     /home/abdulrahman/Downloads/android-studio/gradle/gradle-2.14.1/lib/plugins/jsp-api-2.1-6.1.14.jar
7fce4400c000-7fce4402f000 r--s 00344000 08:05 793278                     /home/abdulrahman/Downloads/android-studio/gradle/gradle-2.14.1/lib/plugins/core-3.1.1.jar
7fce4402f000-7fce44030000 r--s 00006000 08:05 793315                     /home/abdulrahman/Downloads/android-studio/gradle/gradle-2.14.1/lib/plugins/jetty-naming-6.1.25.jar
7fce44030000-7fce44031000 r--s 00002000 08:05 793273                     /home/abdulrahman/Downloads/android-studio/gradle/gradle-2.14.1/lib/plugins/geronimo-annotation_1.0_spec-1.0.jar
7fce44031000-7fce44033000 r--s 00002000 08:05 793311                     /home/abdulrahman/Downloads/android-studio/gradle/gradle-2.14.1/lib/plugins/jetty-annotations-6.1.25.jar
7fce44033000-7fce44044000 r--s 000ea000 08:05 793324                     /home/abdulrahman/Downloads/android-studio/gradle/gradle-2.14.1/lib/plugins/jsp-2.1-6.1.14.jar
7fce44044000-7fce44046000 r--s 0000d000 08:05 793279                     /home/abdulrahman/Downloads/android-studio/gradle/gradle-2.14.1/lib/plugins/jetty-plus-6.1.25.jar
7fce44046000-7fce44048000 r--s 0001f000 08:05 793335                     /home/abdulrahman/Downloads/android-studio/gradle/gradle-2.14.1/lib/plugins/servlet-api-2.5-20081211.jar
7fce44048000-7fce4404c000 r--s 00028000 08:05 793259                     /home/abdulrahman/Downloads/android-studio/gradle/gradle-2.14.1/lib/plugins/jetty-util-6.1.25.jar
7fce4404c000-7fce44053000 r--s 0007d000 08:05 793267                     /home/abdulrahman/Downloads/android-studio/gradle/gradle-2.14.1/lib/plugins/jetty-6.1.25.jar
7fce44053000-7fce44055000 r--s 00009000 08:05 793320                     /home/abdulrahman/Downloads/android-studio/gradle/gradle-2.14.1/lib/plugins/gradle-jetty-2.14.1.jar
7fce44055000-7fce4405c000 r--s 00035000 08:05 793331                     /home/abdulrahman/Downloads/android-studio/gradle/gradle-2.14.1/lib/plugins/simple-4.1.21.jar
7fce4405c000-7fce44068000 r--s 00100000 08:05 793249                     /home/abdulrahman/Downloads/android-studio/gradle/gradle-2.14.1/lib/plugins/rhino-1.7R3.jar
7fce44068000-7fce4406c000 r--s 00011000 08:05 793302                     /home/abdulrahman/Downloads/android-studio/gradle/gradle-2.14.1/lib/plugins/gradle-javascript-2.14.1.jar
7fce4406c000-7fce4406e000 r--s 0000c000 08:05 793333                     /home/abdulrahman/Downloads/android-studio/gradle/gradle-2.14.1/lib/plugins/gradle-jacoco-2.14.1.jar
7fce4406e000-7fce44071000 r--s 0000e000 08:05 793330                     /home/abdulrahman/Downloads/android-studio/gradle/gradle-2.14.1/lib/plugins/gradle-ivy-2.14.1.jar
7fce44071000-7fce44072000 r--s 00002000 08:05 793325                     /home/abdulrahman/Downloads/android-studio/gradle/gradle-2.14.1/lib/plugins/gradle-ide-play-2.14.1.jar
7fce44072000-7fce44077000 r--s 0002b000 08:05 793321                     /home/abdulrahman/Downloads/android-studio/gradle/gradle-2.14.1/lib/plugins/gradle-ide-native-2.14.1.jar
7fce44077000-7fce44082000 r--s 00066000 08:05 793239                     /home/abdulrahman/Downloads/android-studio/gradle/gradle-2.14.1/lib/plugins/gradle-ide-2.14.1.jar
7fce44082000-7fce44083000 r--s 00008000 08:05 793236                     /home/abdulrahman/Downloads/android-studio/gradle/gradle-2.14.1/lib/plugins/gradle-ear-2.14.1.jar
7fce44083000-7fce44089000 r--s 00032000 08:05 793247                     /home/abdulrahman/Downloads/android-studio/gradle/gradle-2.14.1/lib/plugins/gradle-diagnostics-2.14.1.jar
7fce44089000-7fce4408d000 r--s 00021000 08:05 793323                     /home/abdulrahman/Downloads/android-studio/gradle/gradle-2.14.1/lib/plugins/gradle-code-quality-2.14.1.jar
7fce4408d000-7fce44091000 r--s 0001f000 08:05 793246                     /home/abdulrahman/Downloads/android-studio/gradle/gradle-2.14.1/lib/plugins/gradle-build-init-2.14.1.jar
7fce44091000-7fce44098000 r--s 0008e000 08:05 793327                     /home/abdulrahman/Downloads/android-studio/gradle/gradle-2.14.1/lib/plugins/gradle-build-comparison-2.14.1.jar
7fce44098000-7fce4409a000 r--s 00008000 08:05 793306                     /home/abdulrahman/Downloads/android-studio/gradle/gradle-2.14.1/lib/plugins/gradle-antlr-2.14.1.jar
7fce4409a000-7fce4409c000 r--s 00004000 08:05 793329                     /home/abdulrahman/Downloads/android-studio/gradle/gradle-2.14.1/lib/plugins/gradle-announce-2.14.1.jar
7fce4409c000-7fce440b4000 r--s 00115000 08:05 793270                     /home/abdulrahman/Downloads/android-studio/gradle/gradle-2.14.1/lib/plugins/xercesImpl-2.9.1.jar
7fce440b4000-7fce440bc000 r--s 00028000 08:05 793298                     /home/abdulrahman/Downloads/android-studio/gradle/gradle-2.14.1/lib/plugins/xml-apis-1.3.04.jar
7fce440bc000-7fce440c2000 r--s 0005b000 08:05 793289                     /home/abdulrahman/Downloads/android-studio/gradle/gradle-2.14.1/lib/plugins/jcifs-1.3.17.jar
7fce440c2000-7fce440c9000 r--s 00049000 08:05 793300                     /home/abdulrahman/Downloads/android-studio/gradle/gradle-2.14.1/lib/plugins/httpcore-4.4.4.jar
7fce440c9000-7fce440cf000 r--s 00033000 08:05 793245                     /home/abdulrahman/Downloads/android-studio/gradle/gradle-2.14.1/lib/plugins/commons-codec-1.6.jar
7fce440cf000-7fce440d2000 r--s 0001c000 08:05 793240                     /home/abdulrahman/Downloads/android-studio/gradle/gradle-2.14.1/lib/plugins/nekohtml-1.9.14.jar
7fce440d2000-7fce440df000 r--s 000a4000 08:05 793318                     /home/abdulrahman/Downloads/android-studio/gradle/gradle-2.14.1/lib/plugins/httpclient-4.4.1.jar
7fce440df000-7fce440e1000 r--s 0000a000 08:05 793227                     /home/abdulrahman/Downloads/android-studio/gradle/gradle-2.14.1/lib/plugins/gradle-resources-http-2.14.1.jar
7fce440e1000-7fce440e5000 r--s 00014000 08:05 793292                     /home/abdulrahman/Downloads/android-studio/gradle/gradle-2.14.1/lib/plugins/gradle-plugin-use-2.14.1.jar
7fce440e5000-7fce440e6000 r--s 00000000 08:05 793183                     /home/abdulrahman/Downloads/android-studio/gradle/gradle-2.14.1/lib/gradle-installation-beacon-2.14.1.jar
7fce440e6000-7fce440e7000 r--s 00007000 08:05 793255                     /home/abdulrahman/Downloads/android-studio/gradle/gradle-2.14.1/lib/plugins/wagon-http-shared4-2.4.jar
7fce440e7000-7fce440eb000 r--s 00033000 08:05 793309                     /home/abdulrahman/Downloads/android-studio/gradle/gradle-2.14.1/lib/plugins/plexus-utils-2.0.6.jar
7fce440eb000-7fce440ef000 r--s 00021000 08:05 793291                     /home/abdulrahman/Downloads/android-studio/gradle/gradle-2.14.1/lib/plugins/maven-model-builder-3.0.4.jar
7fce440ef000-7fce440f0000 r--s 00002000 08:05 793244                     /home/abdulrahman/Downloads/android-studio/gradle/gradle-2.14.1/lib/plugins/wagon-file-2.4.jar
7fce440f0000-7fce440f2000 r--s 00002000 08:05 793301                     /home/abdulrahman/Downloads/android-studio/gradle/gradle-2.14.1/lib/plugins/plexus-cipher-1.7.jar
7fce440f2000-7fce440f5000 r--s 00013000 08:05 793334                     /home/abdulrahman/Downloads/android-studio/gradle/gradle-2.14.1/lib/plugins/aether-api-1.13.1.jar
7fce440f5000-7fce440f7000 r--s 0000a000 08:05 793260                     /home/abdulrahman/Downloads/android-studio/gradle/gradle-2.14.1/lib/plugins/maven-settings-3.0.4.jar
7fce440f7000-7fce440f9000 r--s 0000d000 08:05 793293                     /home/abdulrahman/Downloads/android-studio/gradle/gradle-2.14.1/lib/plugins/plexus-interpolation-1.14.jar
7fce440f9000-7fce440fb000 r--s 0000b000 08:05 793316                     /home/abdulrahman/Downloads/android-studio/gradle/gradle-2.14.1/lib/plugins/maven-artifact-3.0.4.jar
7fce440fb000-7fce44102000 r--s 0002e000 08:05 793252                     /home/abdulrahman/Downloads/android-studio/gradle/gradle-2.14.1/lib/plugins/plexus-container-default-1.5.5.jar
7fce44102000-7fce44104000 r--s 0000b000 08:05 793280                     /home/abdulrahman/Downloads/android-studio/gradle/gradle-2.14.1/lib/plugins/maven-plugin-api-3.0.4.jar
7fce44104000-7fce44106000 r--s 00000000 08:05 793283                     /home/abdulrahman/Downloads/android-studio/gradle/gradle-2.14.1/lib/plugins/plexus-component-annotations-1.5.5.jar
7fce44106000-7fce4410c000 r--s 0003f000 08:05 793294                     /home/abdulrahman/Downloads/android-studio/gradle/gradle-2.14.1/lib/plugins/maven-compat-3.0.4.jar
7fce4410c000-7fce4410f000 r--s 00008000 08:05 793268                     /home/abdulrahman/Downloads/android-studio/gradle/gradle-2.14.1/lib/plugins/maven-settings-builder-3.0.4.jar
7fce4410f000-7fce44110000 r--s 00002000 08:05 793224                     /home/abdulrahman/Downloads/android-studio/gradle/gradle-2.14.1/lib/plugins/wagon-http-2.4.jar
7fce44110000-7fce44112000 r--s 00026000 08:05 793332                     /home/abdulrahman/Downloads/android-studio/gradle/gradle-2.14.1/lib/plugins/maven-model-3.0.4.jar
7fce44112000-7fce44114000 r--s 00006000 08:05 793312                     /home/abdulrahman/Downloads/android-studio/gradle/gradle-2.14.1/lib/plugins/aether-connector-wagon-1.13.1.jar
7fce44114000-7fce44116000 r--s 0000a000 08:05 793253                     /home/abdulrahman/Downloads/android-studio/gradle/gradle-2.14.1/lib/plugins/plexus-classworlds-2.4.jar
7fce44116000-7fce44118000 r--s 00006000 08:05 793296                     /home/abdulrahman/Downloads/android-studio/gradle/gradle-2.14.1/lib/plugins/maven-repository-metadata-3.0.4.jar
7fce44118000-7fce4411a000 r--s 0000c000 08:05 793272                     /home/abdulrahman/Downloads/android-studio/gradle/gradle-2.14.1/lib/plugins/maven-aether-provider-3.0.4.jar
7fce4411a000-7fce4411c000 r--s 0000b000 08:05 793262                     /home/abdulrahman/Downloads/android-studio/gradle/gradle-2.14.1/lib/plugins/wagon-provider-api-2.4.jar
7fce4411c000-7fce4411d000 r--s 00003000 08:05 793228                     /home/abdulrahman/Downloads/android-studio/gradle/gradle-2.14.1/lib/plugins/aether-spi-1.13.1.jar
7fce4411d000-7fce44121000 r--s 0001c000 08:05 793326                     /home/abdulrahman/Downloads/android-studio/gradle/gradle-2.14.1/lib/plugins/aether-util-1.13.1.jar
7fce44121000-7fce44124000 r--s 0001d000 08:05 793290                     /home/abdulrahman/Downloads/android-studio/gradle/gradle-2.14.1/lib/plugins/aether-impl-1.13.1.jar
7fce44124000-7fce44125000 r--s 00006000 08:05 793297                     /home/abdulrahman/Downloads/android-studio/gradle/gradle-2.14.1/lib/plugins/plexus-sec-dispatcher-1.3.jar
7fce44125000-7fce4412a000 r--s 00040000 08:05 793230                     /home/abdulrahman/Downloads/android-studio/gradle/gradle-2.14.1/lib/plugins/jsch-0.1.53.jar
7fce4412a000-7fce4416a000 r--s 00277000 08:05 793234                     /home/abdulrahman/Downloads/android-studio/gradle/gradle-2.14.1/lib/plugins/bcprov-jdk15on-1.51.jar
7fce4416a000-7fce44176000 r--s 0007d000 08:05 793299                     /home/abdulrahman/Downloads/android-studio/gradle/gradle-2.14.1/lib/plugins/maven-core-3.0.4.jar
7fce44176000-7fce4417b000 r--s 0002a000 08:05 793269                     /home/abdulrahman/Downloads/android-studio/gradle/gradle-2.14.1/lib/plugins/gson-2.2.4.jar
7fce4417b000-7fce4418a000 r--s 000d9000 08:05 793250                     /home/abdulrahman/Downloads/android-studio/gradle/gradle-2.14.1/lib/plugins/ivy-2.2.0.jar
7fce4418a000-7fce44270000 r-xp 00000000 08:05 1575086                    /usr/lib/x86_64-linux-gnu/libstdc++.so.6.0.19
7fce44270000-7fce4446f000 ---p 000e6000 08:05 1575086                    /usr/lib/x86_64-linux-gnu/libstdc++.so.6.0.19
7fce4446f000-7fce44477000 r--p 000e5000 08:05 1575086                    /usr/lib/x86_64-linux-gnu/libstdc++.so.6.0.19
7fce44477000-7fce44479000 rw-p 000ed000 08:05 1575086                    /usr/lib/x86_64-linux-gnu/libstdc++.so.6.0.19
7fce44479000-7fce4448e000 rw-p 00000000 00:00 0 
7fce4448e000-7fce44492000 r--s 0001d000 08:05 793275                     /home/abdulrahman/Downloads/android-studio/gradle/gradle-2.14.1/lib/plugins/xbean-reflect-3.4.jar
7fce44492000-7fce444ae000 r--s 000d3000 08:05 793274                     /home/abdulrahman/Downloads/android-studio/gradle/gradle-2.14.1/lib/plugins/gradle-dependency-management-2.14.1.jar
7fce444ae000-7fce444b2000 r-xp 00000000 08:05 787548                     /home/abdulrahman/.gradle/native/19/linux-amd64/libnative-platform.so
7fce444b2000-7fce446b1000 ---p 00004000 08:05 787548                     /home/abdulrahman/.gradle/native/19/linux-amd64/libnative-platform.so
7fce446b1000-7fce446b2000 rw-p 00003000 08:05 787548                     /home/abdulrahman/.gradle/native/19/linux-amd64/libnative-platform.so
7fce446b2000-7fce446c3000 r-xp 00000000 08:05 525646                     /home/abdulrahman/Downloads/android-studio/jre/jre/lib/amd64/libnio.so
7fce446c3000-7fce448c2000 ---p 00011000 08:05 525646                     /home/abdulrahman/Downloads/android-studio/jre/jre/lib/amd64/libnio.so
7fce448c2000-7fce448c3000 r--p 00010000 08:05 525646                     /home/abdulrahman/Downloads/android-studio/jre/jre/lib/amd64/libnio.so
7fce448c3000-7fce448c4000 rw-p 00011000 08:05 525646                     /home/abdulrahman/Downloads/android-studio/jre/jre/lib/amd64/libnio.so
7fce448c4000-7fce448db000 r-xp 00000000 08:05 525643                     /home/abdulrahman/Downloads/android-studio/jre/jre/lib/amd64/libnet.so
7fce448db000-7fce44ada000 ---p 00017000 08:05 525643                     /home/abdulrahman/Downloads/android-studio/jre/jre/lib/amd64/libnet.so
7fce44ada000-7fce44adb000 r--p 00016000 08:05 525643                     /home/abdulrahman/Downloads/android-studio/jre/jre/lib/amd64/libnet.so
7fce44adb000-7fce44adc000 rw-p 00017000 08:05 525643                     /home/abdulrahman/Downloads/android-studio/jre/jre/lib/amd64/libnet.so
7fce44adc000-7fce44ade000 r--s 00005000 08:05 793193                     /home/abdulrahman/Downloads/android-studio/gradle/gradle-2.14.1/lib/gradle-wrapper-2.14.1.jar
7fce44ade000-7fce44aec000 r--s 0004f000 08:05 793178                     /home/abdulrahman/Downloads/android-studio/gradle/gradle-2.14.1/lib/gradle-tooling-api-2.14.1.jar
7fce44aec000-7fce44aee000 r--s 00002000 08:05 793182                     /home/abdulrahman/Downloads/android-studio/gradle/gradle-2.14.1/lib/gradle-open-api-2.14.1.jar
7fce44aee000-7fce44af4000 r--s 00032000 08:05 793216                     /home/abdulrahman/Downloads/android-studio/gradle/gradle-2.14.1/lib/jaxen-1.1.jar
7fce44af4000-7fce44af9000 r--s 00048000 08:05 793181                     /home/abdulrahman/Downloads/android-studio/gradle/gradle-2.14.1/lib/dom4j-1.6.1.jar
7fce44af9000-7fce44b04000 r--s 00059000 08:05 793210                     /home/abdulrahman/Downloads/android-studio/gradle/gradle-2.14.1/lib/gradle-ui-2.14.1.jar
7fce44b04000-7fce44b07000 r--s 0000b000 08:05 793336                     /home/abdulrahman/Downloads/android-studio/gradle/gradle-2.14.1/lib/gradle-resources-2.14.1.jar
7fce44b07000-7fce44b09000 r--s 00003000 08:05 793219                     /home/abdulrahman/Downloads/android-studio/gradle/gradle-2.14.1/lib/jcl-over-slf4j-1.7.10.jar
7fce44b09000-7fce44b0a000 r--s 00005000 08:05 793213                     /home/abdulrahman/Downloads/android-studio/gradle/gradle-2.14.1/lib/log4j-over-slf4j-1.7.10.jar
7fce44b0a000-7fce44b0c000 r--s 00000000 08:05 793337                     /home/abdulrahman/Downloads/android-studio/gradle/gradle-2.14.1/lib/jul-to-slf4j-1.7.10.jar
7fce44b0c000-7fce44b11000 r--s 0001c000 08:05 793191                     /home/abdulrahman/Downloads/android-studio/gradle/gradle-2.14.1/lib/gradle-logging-2.14.1.jar
7fce44b11000-7fce44b13000 r--s 00007000 08:05 793222                     /home/abdulrahman/Downloads/android-studio/gradle/gradle-2.14.1/lib/objenesis-1.2.jar
7fce44b13000-7fce44b15000 r--s 00000000 08:05 793186                     /home/abdulrahman/Downloads/android-studio/gradle/gradle-2.14.1/lib/minlog-1.2.jar
7fce44b15000-7fce44b19000 r--s 00026000 08:05 793211                     /home/abdulrahman/Downloads/android-studio/gradle/gradle-2.14.1/lib/kryo-2.20.jar
7fce44b19000-7fce44b1f000 r--s 00025000 08:05 793180                     /home/abdulrahman/Downloads/android-studio/gradle/gradle-2.14.1/lib/gradle-messaging-2.14.1.jar
7fce44b1f000-7fce44b2e000 r--s 00080000 08:05 793206                     /home/abdulrahman/Downloads/android-studio/gradle/gradle-2.14.1/lib/gradle-model-core-2.14.1.jar
7fce44b2e000-7fce44b9d000 r--s 0063e000 08:05 793340                     /home/abdulrahman/Downloads/android-studio/gradle/gradle-2.14.1/lib/groovy-all-2.4.4.jar
7fce44b9d000-7fce44bc5000 r--s 001cf000 08:05 793194                     /home/abdulrahman/Downloads/android-studio/gradle/gradle-2.14.1/lib/guava-jdk5-17.0.jar
7fce44bc5000-7fce44bfc000 r--s 001bd000 08:05 793195                     /home/abdulrahman/Downloads/android-studio/gradle/gradle-2.14.1/lib/gradle-core-2.14.1.jar
7fce44bfc000-7fce44bfd000 ---p 00000000 00:00 0 
7fce44bfd000-7fce44cfd000 rw-p 00000000 00:00 0                          [stack:4263]
7fce44cfd000-7fce44d00000 ---p 00000000 00:00 0 
7fce44d00000-7fce44dfe000 rw-p 00000000 00:00 0                          [stack:4262]
7fce44dfe000-7fce44e01000 ---p 00000000 00:00 0 
7fce44e01000-7fce44eff000 rw-p 00000000 00:00 0                          [stack:4261]
7fce44eff000-7fce44f02000 ---p 00000000 00:00 0 
7fce44f02000-7fce48000000 rw-p 00000000 00:00 0                          [stack:4260]
7fce48000000-7fce48038000 rw-p 00000000 00:00 0 
7fce48038000-7fce4c000000 ---p 00000000 00:00 0 
7fce4c000000-7fce4c057000 rw-p 00000000 00:00 0 
7fce4c057000-7fce50000000 ---p 00000000 00:00 0 
7fce50000000-7fce5002e000 rw-p 00000000 00:00 0 
7fce5002e000-7fce54000000 ---p 00000000 00:00 0 
7fce54000000-7fce54002000 r--s 0000f000 08:05 793197                     /home/abdulrahman/Downloads/android-studio/gradle/gradle-2.14.1/lib/reflectasm-1.07-shaded.jar
7fce54002000-7fce54003000 r--s 00003000 08:05 793218                     /home/abdulrahman/Downloads/android-studio/gradle/gradle-2.14.1/lib/native-platform-freebsd-amd64-0.10.jar
7fce54003000-7fce54004000 r--s 00003000 08:05 793200                     /home/abdulrahman/Downloads/android-studio/gradle/gradle-2.14.1/lib/native-platform-freebsd-i386-0.10.jar
7fce54004000-7fce54005000 r--s 00005000 08:05 793188                     /home/abdulrahman/Downloads/android-studio/gradle/gradle-2.14.1/lib/native-platform-windows-i386-0.10.jar
7fce54005000-7fce54006000 r--s 00005000 08:05 793187                     /home/abdulrahman/Downloads/android-studio/gradle/gradle-2.14.1/lib/native-platform-windows-amd64-0.10.jar
7fce54006000-7fce54007000 r--s 00003000 08:05 793201                     /home/abdulrahman/Downloads/android-studio/gradle/gradle-2.14.1/lib/native-platform-linux-i386-0.10.jar
7fce54007000-7fce54008000 r--s 00003000 08:05 793185                     /home/abdulrahman/Downloads/android-studio/gradle/gradle-2.14.1/lib/native-platform-linux-amd64-0.10.jar
7fce54008000-7fce5400a000 r--s 00008000 08:05 793215                     /home/abdulrahman/Downloads/android-studio/gradle/gradle-2.14.1/lib/jansi-1.2.1.jar
7fce5400a000-7fce54029000 r--s 001d1000 08:05 793192                     /home/abdulrahman/Downloads/android-studio/gradle/gradle-2.14.1/lib/ant-1.9.6.jar
7fce54029000-7fce5402c000 ---p 00000000 00:00 0 
7fce5402c000-7fce5412a000 rw-p 00000000 00:00 0                          [stack:4259]
7fce5412a000-7fce5412d000 ---p 00000000 00:00 0 
7fce5412d000-7fce5422b000 rw-p 00000000 00:00 0                          [stack:4258]
7fce5422b000-7fce544f5000 r--p 00000000 08:05 1578401                    /usr/lib/locale/locale-archive
7fce544f5000-7fce544f8000 ---p 00000000 00:00 0 
7fce544f8000-7fce545f6000 rw-p 00000000 00:00 0                          [stack:4257]
7fce545f6000-7fce545f9000 ---p 00000000 00:00 0 
7fce545f9000-7fce546f7000 rw-p 00000000 00:00 0                          [stack:4256]
7fce546f7000-7fce546f8000 ---p 00000000 00:00 0 
7fce546f8000-7fce55000000 rw-p 00000000 00:00 0                          [stack:4255]
7fce55000000-7fce57060000 rwxp 00000000 00:00 0 
7fce57060000-7fce64000000 ---p 00000000 00:00 0 
7fce64000000-7fce64b62000 rw-p 00000000 00:00 0 
7fce64b62000-7fce68000000 ---p 00000000 00:00 0 
7fce68000000-7fce68001000 r--s 00002000 08:05 793184                     /home/abdulrahman/Downloads/android-studio/gradle/gradle-2.14.1/lib/native-platform-osx-amd64-0.10.jar
7fce68001000-7fce68004000 r--s 0000d000 08:05 793209                     /home/abdulrahman/Downloads/android-studio/gradle/gradle-2.14.1/lib/native-platform-0.10.jar
7fce68004000-7fce68008000 r--s 000e4000 08:05 793208                     /home/abdulrahman/Downloads/android-studio/gradle/gradle-2.14.1/lib/jna-3.2.7.jar
7fce68008000-7fce6800a000 r--s 00009000 08:05 793220                     /home/abdulrahman/Downloads/android-studio/gradle/gradle-2.14.1/lib/gradle-native-2.14.1.jar
7fce6800a000-7fce6800c000 r--s 00005000 08:05 793221                     /home/abdulrahman/Downloads/android-studio/gradle/gradle-2.14.1/lib/gradle-cli-2.14.1.jar
7fce6800c000-7fce68019000 r--s 00083000 08:05 793338                     /home/abdulrahman/Downloads/android-studio/gradle/gradle-2.14.1/lib/commons-collections-3.2.2.jar
7fce68019000-7fce687f1000 rw-p 00000000 00:00 0 
7fce687f1000-7fce689be000 r--s 03bec000 08:05 525612                     /home/abdulrahman/Downloads/android-studio/jre/jre/lib/rt.jar
7fce689be000-7fce69534000 rw-p 00000000 00:00 0 
7fce69534000-7fce69535000 ---p 00000000 00:00 0 
7fce69535000-7fce69635000 rw-p 00000000 00:00 0                          [stack:4254]
7fce69635000-7fce69636000 ---p 00000000 00:00 0 
7fce69636000-7fce69736000 rw-p 00000000 00:00 0                          [stack:4253]
7fce69736000-7fce69737000 ---p 00000000 00:00 0 
7fce69737000-7fce69837000 rw-p 00000000 00:00 0                          [stack:4252]
7fce69837000-7fce69838000 ---p 00000000 00:00 0 
7fce69838000-7fce69961000 rw-p 00000000 00:00 0                          [stack:4251]
7fce69961000-7fce69b38000 ---p 00000000 00:00 0 
7fce69b38000-7fce69b61000 rw-p 00000000 00:00 0 
7fce69b61000-7fce69d38000 ---p 00000000 00:00 0 
7fce69d38000-7fce69df7000 rw-p 00000000 00:00 0 
7fce69df7000-7fce69e38000 ---p 00000000 00:00 0 
7fce69e38000-7fce69ebb000 rw-p 00000000 00:00 0 
7fce69ebb000-7fce6a1f9000 ---p 00000000 00:00 0 
7fce6a1f9000-7fce6a213000 r-xp 00000000 08:05 525640                     /home/abdulrahman/Downloads/android-studio/jre/jre/lib/amd64/libzip.so
7fce6a213000-7fce6a413000 ---p 0001a000 08:05 525640                     /home/abdulrahman/Downloads/android-studio/jre/jre/lib/amd64/libzip.so
7fce6a413000-7fce6a414000 r--p 0001a000 08:05 525640                     /home/abdulrahman/Downloads/android-studio/jre/jre/lib/amd64/libzip.so
7fce6a414000-7fce6a415000 rw-p 0001b000 08:05 525640                     /home/abdulrahman/Downloads/android-studio/jre/jre/lib/amd64/libzip.so
7fce6a415000-7fce6a41f000 r-xp 00000000 08:05 1311883                    /lib/x86_64-linux-gnu/libnss_files-2.19.so
7fce6a41f000-7fce6a61e000 ---p 0000a000 08:05 1311883                    /lib/x86_64-linux-gnu/libnss_files-2.19.so
7fce6a61e000-7fce6a61f000 r--p 00009000 08:05 1311883                    /lib/x86_64-linux-gnu/libnss_files-2.19.so
7fce6a61f000-7fce6a620000 rw-p 0000a000 08:05 1311883                    /lib/x86_64-linux-gnu/libnss_files-2.19.so
7fce6a620000-7fce6a62b000 r-xp 00000000 08:05 1311846                    /lib/x86_64-linux-gnu/libnss_nis-2.19.so
7fce6a62b000-7fce6a82a000 ---p 0000b000 08:05 1311846                    /lib/x86_64-linux-gnu/libnss_nis-2.19.so
7fce6a82a000-7fce6a82b000 r--p 0000a000 08:05 1311846                    /lib/x86_64-linux-gnu/libnss_nis-2.19.so
7fce6a82b000-7fce6a82c000 rw-p 0000b000 08:05 1311846                    /lib/x86_64-linux-gnu/libnss_nis-2.19.so
7fce6a82c000-7fce6a843000 r-xp 00000000 08:05 1311836                    /lib/x86_64-linux-gnu/libnsl-2.19.so
7fce6a843000-7fce6aa42000 ---p 00017000 08:05 1311836                    /lib/x86_64-linux-gnu/libnsl-2.19.so
7fce6aa42000-7fce6aa43000 r--p 00016000 08:05 1311836                    /lib/x86_64-linux-gnu/libnsl-2.19.so
7fce6aa43000-7fce6aa44000 rw-p 00017000 08:05 1311836                    /lib/x86_64-linux-gnu/libnsl-2.19.so
7fce6aa44000-7fce6aa46000 rw-p 00000000 00:00 0 
7fce6aa46000-7fce6aa4f000 r-xp 00000000 08:05 1311830                    /lib/x86_64-linux-gnu/libnss_compat-2.19.so
7fce6aa4f000-7fce6ac4e000 ---p 00009000 08:05 1311830                    /lib/x86_64-linux-gnu/libnss_compat-2.19.so
7fce6ac4e000-7fce6ac4f000 r--p 00008000 08:05 1311830                    /lib/x86_64-linux-gnu/libnss_compat-2.19.so
7fce6ac4f000-7fce6ac50000 rw-p 00009000 08:05 1311830                    /lib/x86_64-linux-gnu/libnss_compat-2.19.so
7fce6ac50000-7fce6ac7d000 r-xp 00000000 08:05 525651                     /home/abdulrahman/Downloads/android-studio/jre/jre/lib/amd64/libjava.so
7fce6ac7d000-7fce6ae7c000 ---p 0002d000 08:05 525651                     /home/abdulrahman/Downloads/android-studio/jre/jre/lib/amd64/libjava.so
7fce6ae7c000-7fce6ae7d000 r--p 0002c000 08:05 525651                     /home/abdulrahman/Downloads/android-studio/jre/jre/lib/amd64/libjava.so
7fce6ae7d000-7fce6ae7f000 rw-p 0002d000 08:05 525651                     /home/abdulrahman/Downloads/android-studio/jre/jre/lib/amd64/libjava.so
7fce6ae7f000-7fce6ae8f000 r-xp 00000000 08:05 525667                     /home/abdulrahman/Downloads/android-studio/jre/jre/lib/amd64/libverify.so
7fce6ae8f000-7fce6b08e000 ---p 00010000 08:05 525667                     /home/abdulrahman/Downloads/android-studio/jre/jre/lib/amd64/libverify.so
7fce6b08e000-7fce6b090000 r--p 0000f000 08:05 525667                     /home/abdulrahman/Downloads/android-studio/jre/jre/lib/amd64/libverify.so
7fce6b090000-7fce6b091000 rw-p 00011000 08:05 525667                     /home/abdulrahman/Downloads/android-studio/jre/jre/lib/amd64/libverify.so
7fce6b091000-7fce6b098000 r-xp 00000000 08:05 1311871                    /lib/x86_64-linux-gnu/librt-2.19.so
7fce6b098000-7fce6b297000 ---p 00007000 08:05 1311871                    /lib/x86_64-linux-gnu/librt-2.19.so
7fce6b297000-7fce6b298000 r--p 00006000 08:05 1311871                    /lib/x86_64-linux-gnu/librt-2.19.so
7fce6b298000-7fce6b299000 rw-p 00007000 08:05 1311871                    /lib/x86_64-linux-gnu/librt-2.19.so
7fce6b299000-7fce6b39e000 r-xp 00000000 08:05 1311821                    /lib/x86_64-linux-gnu/libm-2.19.so
7fce6b39e000-7fce6b59d000 ---p 00105000 08:05 1311821                    /lib/x86_64-linux-gnu/libm-2.19.so
7fce6b59d000-7fce6b59e000 r--p 00104000 08:05 1311821                    /lib/x86_64-linux-gnu/libm-2.19.so
7fce6b59e000-7fce6b59f000 rw-p 00105000 08:05 1311821                    /lib/x86_64-linux-gnu/libm-2.19.so
7fce6b59f000-7fce6c185000 r-xp 00000000 08:05 525671                     /home/abdulrahman/Downloads/android-studio/jre/jre/lib/amd64/server/libjvm.so
7fce6c185000-7fce6c385000 ---p 00be6000 08:05 525671                     /home/abdulrahman/Downloads/android-studio/jre/jre/lib/amd64/server/libjvm.so
7fce6c385000-7fce6c424000 r--p 00be6000 08:05 525671                     /home/abdulrahman/Downloads/android-studio/jre/jre/lib/amd64/server/libjvm.so
7fce6c424000-7fce6c44d000 rw-p 00c85000 08:05 525671                     /home/abdulrahman/Downloads/android-studio/jre/jre/lib/amd64/server/libjvm.so
7fce6c44d000-7fce6c48f000 rw-p 00000000 00:00 0 
7fce6c48f000-7fce6c4a8000 r-xp 00000000 08:05 1311837                    /lib/x86_64-linux-gnu/libpthread-2.19.so
7fce6c4a8000-7fce6c6a7000 ---p 00019000 08:05 1311837                    /lib/x86_64-linux-gnu/libpthread-2.19.so
7fce6c6a7000-7fce6c6a8000 r--p 00018000 08:05 1311837                    /lib/x86_64-linux-gnu/libpthread-2.19.so
7fce6c6a8000-7fce6c6a9000 rw-p 00019000 08:05 1311837                    /lib/x86_64-linux-gnu/libpthread-2.19.so
7fce6c6a9000-7fce6c6ad000 rw-p 00000000 00:00 0 
7fce6c6ad000-7fce6c6b0000 r-xp 00000000 08:05 1311823                    /lib/x86_64-linux-gnu/libdl-2.19.so
7fce6c6b0000-7fce6c8af000 ---p 00003000 08:05 1311823                    /lib/x86_64-linux-gnu/libdl-2.19.so
7fce6c8af000-7fce6c8b0000 r--p 00002000 08:05 1311823                    /lib/x86_64-linux-gnu/libdl-2.19.so
7fce6c8b0000-7fce6c8b1000 rw-p 00003000 08:05 1311823                    /lib/x86_64-linux-gnu/libdl-2.19.so
7fce6c8b1000-7fce6ca6b000 r-xp 00000000 08:05 1311872                    /lib/x86_64-linux-gnu/libc-2.19.so
7fce6ca6b000-7fce6cc6b000 ---p 001ba000 08:05 1311872                    /lib/x86_64-linux-gnu/libc-2.19.so
7fce6cc6b000-7fce6cc6f000 r--p 001ba000 08:05 1311872                    /lib/x86_64-linux-gnu/libc-2.19.so
7fce6cc6f000-7fce6cc71000 rw-p 001be000 08:05 1311872                    /lib/x86_64-linux-gnu/libc-2.19.so
7fce6cc71000-7fce6cc76000 rw-p 00000000 00:00 0 
7fce6cc76000-7fce6cc8c000 r-xp 00000000 08:05 525442                     /home/abdulrahman/Downloads/android-studio/jre/lib/amd64/jli/libjli.so
7fce6cc8c000-7fce6ce8b000 ---p 00016000 08:05 525442                     /home/abdulrahman/Downloads/android-studio/jre/lib/amd64/jli/libjli.so
7fce6ce8b000-7fce6ce8c000 r--p 00015000 08:05 525442                     /home/abdulrahman/Downloads/android-studio/jre/lib/amd64/jli/libjli.so
7fce6ce8c000-7fce6ce8d000 rw-p 00016000 08:05 525442                     /home/abdulrahman/Downloads/android-studio/jre/lib/amd64/jli/libjli.so
7fce6ce8d000-7fce6ceb0000 r-xp 00000000 08:05 1311842                    /lib/x86_64-linux-gnu/ld-2.19.so
7fce6ceb0000-7fce6ceb1000 r--s 00002000 08:05 793214                     /home/abdulrahman/Downloads/android-studio/gradle/gradle-2.14.1/lib/native-platform-osx-i386-0.10.jar
7fce6ceb1000-7fce6ceb3000 r--s 00007000 08:05 793190                     /home/abdulrahman/Downloads/android-studio/gradle/gradle-2.14.1/lib/gradle-model-groovy-2.14.1.jar
7fce6ceb3000-7fce6ceb4000 r--s 00006000 08:05 793205                     /home/abdulrahman/Downloads/android-studio/gradle/gradle-2.14.1/lib/gradle-base-services-groovy-2.14.1.jar
7fce6ceb4000-7fce6ceb5000 r--s 00002000 08:05 793198                     /home/abdulrahman/Downloads/android-studio/gradle/gradle-2.14.1/lib/gradle-docs-2.14.1.jar
7fce6ceb5000-7fce6ceb6000 r--s 00000000 08:05 793339                     /home/abdulrahman/Downloads/android-studio/gradle/gradle-2.14.1/lib/javax.inject-1.jar
7fce6ceb6000-7fce6ceb7000 r--s 00000000 08:05 793196                     /home/abdulrahman/Downloads/android-studio/gradle/gradle-2.14.1/lib/jcip-annotations-1.0.jar
7fce6ceb7000-7fce6cebb000 r--s 00027000 08:05 793212                     /home/abdulrahman/Downloads/android-studio/gradle/gradle-2.14.1/lib/commons-io-2.2.jar
7fce6cebb000-7fce6cec0000 r--s 00038000 08:05 793202                     /home/abdulrahman/Downloads/android-studio/gradle/gradle-2.14.1/lib/asm-all-5.1.jar
7fce6cec0000-7fce6cec1000 r--s 00001000 08:05 793217                     /home/abdulrahman/Downloads/android-studio/gradle/gradle-2.14.1/lib/gradle-process-services-2.14.1.jar
7fce6cec1000-7fce6cec6000 r--s 00041000 08:05 793204                     /home/abdulrahman/Downloads/android-studio/gradle/gradle-2.14.1/lib/commons-lang-2.6.jar
7fce6cec6000-7fce6cf88000 rw-p 00000000 00:00 0 
7fce6cf88000-7fce6cf8b000 ---p 00000000 00:00 0 
7fce6cf8b000-7fce6d08d000 rw-p 00000000 00:00 0                          [stack:4250]
7fce6d08d000-7fce6d08e000 r--s 00000000 08:05 793179                     /home/abdulrahman/Downloads/android-studio/gradle/gradle-2.14.1/lib/gradle-jvm-services-2.14.1.jar
7fce6d08e000-7fce6d08f000 r--s 00007000 08:05 793189                     /home/abdulrahman/Downloads/android-studio/gradle/gradle-2.14.1/lib/slf4j-api-1.7.10.jar
7fce6d08f000-7fce6d090000 r--s 00004000 08:05 793207                     /home/abdulrahman/Downloads/android-studio/gradle/gradle-2.14.1/lib/ant-launcher-1.9.6.jar
7fce6d090000-7fce6d098000 r--s 0003a000 08:05 793203                     /home/abdulrahman/Downloads/android-studio/gradle/gradle-2.14.1/lib/gradle-base-services-2.14.1.jar
7fce6d098000-7fce6d0a3000 r--s 00051000 08:05 793199                     /home/abdulrahman/Downloads/android-studio/gradle/gradle-2.14.1/lib/gradle-launcher-2.14.1.jar
7fce6d0a3000-7fce6d0ab000 rw-s 00000000 08:05 817008                     /tmp/hsperfdata_abdulrahman/4247
7fce6d0ab000-7fce6d0ac000 rw-p 00000000 00:00 0 
7fce6d0ac000-7fce6d0ad000 ---p 00000000 00:00 0 
7fce6d0ad000-7fce6d0af000 rw-p 00000000 00:00 0 
7fce6d0af000-7fce6d0b0000 r--p 00022000 08:05 1311842                    /lib/x86_64-linux-gnu/ld-2.19.so
7fce6d0b0000-7fce6d0b1000 rw-p 00023000 08:05 1311842                    /lib/x86_64-linux-gnu/ld-2.19.so
7fce6d0b1000-7fce6d0b2000 rw-p 00000000 00:00 0 
7ffcd00e2000-7ffcd0103000 rw-p 00000000 00:00 0                          [stack]
7ffcd0160000-7ffcd0162000 r--p 00000000 00:00 0                          [vvar]
7ffcd0162000-7ffcd0164000 r-xp 00000000 00:00 0                          [vdso]
ffffffffff600000-ffffffffff601000 r-xp 00000000 00:00 0                  [vsyscall]

VM Arguments:
jvm_args: -Xmx1536m -Dfile.encoding=UTF-8 -Duser.country=US -Duser.language=en -Duser.variant 
java_command: org.gradle.launcher.daemon.bootstrap.GradleDaemon 2.14.1
java_class_path (initial): /home/abdulrahman/Downloads/android-studio/gradle/gradle-2.14.1/lib/gradle-launcher-2.14.1.jar
Launcher Type: SUN_STANDARD

Environment Variables:
PATH=/usr/local/sbin:/usr/local/bin:/usr/sbin:/usr/bin:/sbin:/bin:/usr/games:/usr/local/games
USERNAME=abdulrahman
LD_LIBRARY_PATH=/home/abdulrahman/Downloads/android-studio/bin:
SHELL=/bin/bash
DISPLAY=:0.0

Signal Handlers:
SIGSEGV: [libjvm.so+0x9daac0], sa_mask[0]=11111111011111111101111111111110, sa_flags=SA_RESTART|SA_SIGINFO
SIGBUS: [libjvm.so+0x9daac0], sa_mask[0]=11111111011111111101111111111110, sa_flags=SA_RESTART|SA_SIGINFO
SIGFPE: [libjvm.so+0x840d90], sa_mask[0]=11111111011111111101111111111110, sa_flags=SA_RESTART|SA_SIGINFO
SIGPIPE: [libjvm.so+0x840d90], sa_mask[0]=11111111011111111101111111111110, sa_flags=SA_RESTART|SA_SIGINFO
SIGXFSZ: [libjvm.so+0x840d90], sa_mask[0]=11111111011111111101111111111110, sa_flags=SA_RESTART|SA_SIGINFO
SIGILL: [libjvm.so+0x840d90], sa_mask[0]=11111111011111111101111111111110, sa_flags=SA_RESTART|SA_SIGINFO
SIGUSR1: SIG_DFL, sa_mask[0]=00000000000000000000000000000000, sa_flags=none
SIGUSR2: [libjvm.so+0x840c60], sa_mask[0]=00100000000000000000000000000000, sa_flags=SA_RESTART|SA_SIGINFO
SIGHUP: [libjvm.so+0x840e50], sa_mask[0]=11111111011111111101111111111110, sa_flags=SA_RESTART|SA_SIGINFO
SIGINT: [libjvm.so+0x840e50], sa_mask[0]=11111111011111111101111111111110, sa_flags=SA_RESTART|SA_SIGINFO
SIGTERM: [libjvm.so+0x840e50], sa_mask[0]=11111111011111111101111111111110, sa_flags=SA_RESTART|SA_SIGINFO
SIGQUIT: [libjvm.so+0x840e50], sa_mask[0]=11111111011111111101111111111110, sa_flags=SA_RESTART|SA_SIGINFO


---------------  S Y S T E M  ---------------

OS:DISTRIB_ID=LinuxMint
DISTRIB_RELEASE=17.3
DISTRIB_CODENAME=rosa
DISTRIB_DESCRIPTION="Linux Mint 17.3 Rosa"

uname:Linux 3.19.0-32-generic #37~14.04.1-Ubuntu SMP Thu Oct 22 09:41:40 UTC 2015 x86_64
libc:glibc 2.19 NPTL 2.19 
rlimit: STACK 8192k, CORE 0k, NPROC 15185, NOFILE 4096, AS infinity
load average:12.83 4.99 2.31

/proc/meminfo:
MemTotal:        3919516 kB
MemFree:          113544 kB
MemAvailable:      52536 kB
Buffers:             276 kB
Cached:           274932 kB
SwapCached:            0 kB
Active:          3437968 kB
Inactive:         237436 kB
Active(anon):    3436308 kB
Inactive(anon):   226288 kB
Active(file):       1660 kB
Inactive(file):    11148 kB
Unevictable:          76 kB
Mlocked:              76 kB
SwapTotal:             0 kB
SwapFree:              0 kB
Dirty:                32 kB
Writeback:             0 kB
AnonPages:       3400612 kB
Mapped:            87732 kB
Shmem:            262060 kB
Slab:              64228 kB
SReclaimable:      34112 kB
SUnreclaim:        30116 kB
KernelStack:        8352 kB
PageTables:        28572 kB
NFS_Unstable:          0 kB
Bounce:                0 kB
WritebackTmp:          0 kB
CommitLimit:     1959756 kB
Committed_AS:    5616896 kB
VmallocTotal:   34359738367 kB
VmallocUsed:      347904 kB
VmallocChunk:   34359307764 kB
HardwareCorrupted:     0 kB
AnonHugePages:   1380352 kB
CmaTotal:              0 kB
CmaFree:               0 kB
HugePages_Total:       0
HugePages_Free:        0
HugePages_Rsvd:        0
HugePages_Surp:        0
Hugepagesize:       2048 kB
DirectMap4k:       93948 kB
DirectMap2M:     3973120 kB


CPU:total 4 (2 cores per cpu, 2 threads per core) family 6 model 58 stepping 9, cmov, cx8, fxsr, mmx, sse, sse2, sse3, ssse3, sse4.1, sse4.2, popcnt, avx, clmul, erms, ht, tsc, tscinvbit, tscinv

/proc/cpuinfo:
processor	: 0
vendor_id	: GenuineIntel
cpu family	: 6
model		: 58
model name	: Intel(R) Core(TM) i3-3110M CPU @ 2.40GHz
stepping	: 9
microcode	: 0x17
cpu MHz		: 1203.281
cache size	: 3072 KB
physical id	: 0
siblings	: 4
core id		: 0
cpu cores	: 2
apicid		: 0
initial apicid	: 0
fpu		: yes
fpu_exception	: yes
cpuid level	: 13
wp		: yes
flags		: fpu vme de pse tsc msr pae mce cx8 apic sep mtrr pge mca cmov pat pse36 clflush dts acpi mmx fxsr sse sse2 ss ht tm pbe syscall nx rdtscp lm constant_tsc arch_perfmon pebs bts rep_good nopl xtopology nonstop_tsc aperfmperf eagerfpu pni pclmulqdq dtes64 monitor ds_cpl vmx est tm2 ssse3 cx16 xtpr pdcm pcid sse4_1 sse4_2 x2apic popcnt tsc_deadline_timer xsave avx f16c lahf_lm arat epb pln pts dtherm tpr_shadow vnmi flexpriority ept vpid fsgsbase smep erms xsaveopt
bugs		:
bogomips	: 4789.06
clflush size	: 64
cache_alignment	: 64
address sizes	: 36 bits physical, 48 bits virtual
power management:

processor	: 1
vendor_id	: GenuineIntel
cpu family	: 6
model		: 58
model name	: Intel(R) Core(TM) i3-3110M CPU @ 2.40GHz
stepping	: 9
microcode	: 0x17
cpu MHz		: 1200.281
cache size	: 3072 KB
physical id	: 0
siblings	: 4
core id		: 0
cpu cores	: 2
apicid		: 1
initial apicid	: 1
fpu		: yes
fpu_exception	: yes
cpuid level	: 13
wp		: yes
flags		: fpu vme de pse tsc msr pae mce cx8 apic sep mtrr pge mca cmov pat pse36 clflush dts acpi mmx fxsr sse sse2 ss ht tm pbe syscall nx rdtscp lm constant_tsc arch_perfmon pebs bts rep_good nopl xtopology nonstop_tsc aperfmperf eagerfpu pni pclmulqdq dtes64 monitor ds_cpl vmx est tm2 ssse3 cx16 xtpr pdcm pcid sse4_1 sse4_2 x2apic popcnt tsc_deadline_timer xsave avx f16c lahf_lm arat epb pln pts dtherm tpr_shadow vnmi flexpriority ept vpid fsgsbase smep erms xsaveopt
bugs		:
bogomips	: 4789.06
clflush size	: 64
cache_alignment	: 64
address sizes	: 36 bits physical, 48 bits virtual
power management:

processor	: 2
vendor_id	: GenuineIntel
cpu family	: 6
model		: 58
model name	: Intel(R) Core(TM) i3-3110M CPU @ 2.40GHz
stepping	: 9
microcode	: 0x17
cpu MHz		: 1201.875
cache size	: 3072 KB
physical id	: 0
siblings	: 4
core id		: 1
cpu cores	: 2
apicid		: 2
initial apicid	: 2
fpu		: yes
fpu_exception	: yes
cpuid level	: 13
wp		: yes
flags		: fpu vme de pse tsc msr pae mce cx8 apic sep mtrr pge mca cmov pat pse36 clflush dts acpi mmx fxsr sse sse2 ss ht tm pbe syscall nx rdtscp lm constant_tsc arch_perfmon pebs bts rep_good nopl xtopology nonstop_tsc aperfmperf eagerfpu pni pclmulqdq dtes64 monitor ds_cpl vmx est tm2 ssse3 cx16 xtpr pdcm pcid sse4_1 sse4_2 x2apic popcnt tsc_deadline_timer xsave avx f16c lahf_lm arat epb pln pts dtherm tpr_shadow vnmi flexpriority ept vpid fsgsbase smep erms xsaveopt
bugs		:
bogomips	: 4789.06
clflush size	: 64
cache_alignment	: 64
address sizes	: 36 bits physical, 48 bits virtual
power management:

processor	: 3
vendor_id	: GenuineIntel
cpu family	: 6
model		: 58
model name	: Intel(R) Core(TM) i3-3110M CPU @ 2.40GHz
stepping	: 9
microcode	: 0x17
cpu MHz		: 1200.093
cache size	: 3072 KB
physical id	: 0
siblings	: 4
core id		: 1
cpu cores	: 2
apicid		: 3
initial apicid	: 3
fpu		: yes
fpu_exception	: yes
cpuid level	: 13
wp		: yes
flags		: fpu vme de pse tsc msr pae mce cx8 apic sep mtrr pge mca cmov pat pse36 clflush dts acpi mmx fxsr sse sse2 ss ht tm pbe syscall nx rdtscp lm constant_tsc arch_perfmon pebs bts rep_good nopl xtopology nonstop_tsc aperfmperf eagerfpu pni pclmulqdq dtes64 monitor ds_cpl vmx est tm2 ssse3 cx16 xtpr pdcm pcid sse4_1 sse4_2 x2apic popcnt tsc_deadline_timer xsave avx f16c lahf_lm arat epb pln pts dtherm tpr_shadow vnmi flexpriority ept vpid fsgsbase smep erms xsaveopt
bugs		:
bogomips	: 4789.06
clflush size	: 64
cache_alignment	: 64
address sizes	: 36 bits physical, 48 bits virtual
power management:



Memory: 4k page, physical 3919516k(112180k free), swap 0k(0k free)

vm_info: OpenJDK 64-Bit Server VM (25.76-b03) for linux-amd64 JRE (1.8.0_76-release-b03), built on Jun 29 2016 09:39:19 by "builder" with gcc 4.8.4

time: Sun Dec 25 23:03:43 2016
elapsed time: 191 seconds (0d 0h 3m 11s)

